{"taskid": "debugTest", "evaluation": "incomplete", "summary": "<p>You accomplished only 1 (less than 4) of the 8 core goals.</p>", "files": [{"filename": "debugMe.py", "path": "./submissions/perfect/debugTest/debugMe.py", "code": "\"\"\"\ndebugMe.py\n\nYour name: Peter Mawhorter\nYour username: pmwh\nSubmission date: 2021-6-22\n\"\"\"\n\n# Buggy debugMe.py for potluck system testing.\n# Fix the bugs in this file so that its output matches what's shown in\n# the problem set.\n\nprint(\"Let's practice some math!\")\n\n# Get inputs and convert them to integers:\nfirstNum = input('Enter an integer between 1 and 20: ')\nfirstNum = int(firstNum)\nsecondNum = input('Enter another integer between 1 and 20: ')\nsecondNum = int(secondNum)\n\n# Print a blank line:\nprint()\n\n# Print some info about the numbers:\nprint('The numbers you entered are', firstNum, 'and', 'secondNum')\nprint('The larger number is', max(firstNum, secondNum))\nprint('The smaller number is', min(firstNum, secondNum))\nprint('These bars show how big they are:')\nprint('=' * firstNum)\nprint('=' * secondNum)\nprint() # Blank line\n\n# Test sum:\nprompt = '[Addition] What is ' + str(firstNum) + '+' + str(secondNum) + ' ? '\ninput(prompt) # Note: we intentionally don't store or check the result\nsumResult = firstNum + secondNum\nprint('[Addition] The answer is:', sumResult)\nprint() # Blank line\n"}], "warnings": [], "table": [{"description": ["Procedure Requirements", "What code you use to solve the problem.", "Procedure Requirements", "Code checks which require that your code is written in a certain way, regardless of what happens when it runs (e.g., how many lines of code call a certain function)."], "tags": {"category": "type_group", "goal_type": "procedure"}, "status": "accomplished", "explanation": "Accomplished all core and extra procedure goals.", "subtable": [{"description": ["Core goals", "Complete all core goals for core credit. Get partial credit for completing at least half, and more partial credit for completing at least 90%."], "tags": {"category": "core", "goal_type": "procedure"}, "status": "accomplished", "explanation": "Accomplished all 1 goal.", "subtable": [{"status": "accomplished", "notes": [], "warnings": [], "explanation": "Expected exactly 2 calls to <code>int(&lt;any arguments&gt;)</code>, found 2.", "subtable": [], "description": ["Use <code>int()</code> in exactly two places.", "To minimize repetition, use the <code>int()</code> function in exactly two places.", "Use <code>int()</code> in exactly two places.", "It's only necessary to use <code>int()</code> twice: right at the very start after collecting inputs you can convert the to integers (once per input) and then use those variables throughout the rest of the program."], "tags": {"category": "core", "goal_type": "procedure"}}]}]}, {"description": ["Product Requirements", "Your code's result values.", "Product Requirements", "Result tests that run your code and check for the internal result values it produces (e.g., the return value from a specific function)."], "tags": {"category": "type_group", "goal_type": "product"}, "status": "failed", "explanation": "Did not accomplish the core product goals.", "subtable": [{"description": ["Core goals", "Complete all core goals for core credit. Get partial credit for completing at least half, and more partial credit for completing at least 90%."], "tags": {"category": "core", "goal_type": "product"}, "status": "failed", "explanation": "Accomplished 0 of 7 goals.", "subtable": [{"status": "failed", "notes": ["Failed to establish context The first line of output of the value: Test setup failed.<br>\n<details><summary>Caused by</summary><pre class=\"traceback\">\nTraceback (most recent call last):\n  File \"<task>potluck/contexts.py\", line 316, in create\n    our_results = self.builder(prev_context)\n  File \"<task>potluck/specifications.py\", line 2994, in build_context\n    orig = context_utils.extract(prev_context, slot)\n  File \"<task>potluck/context_utils.py\", line 109, in extract\n    raise MissingContextError(\npotluck.context_utils.MissingContextError: Required context slot 'value' not found.\n\n</pre></details>", "Failed to establish context The first line of output of the value: Test setup failed.<br>\n<details><summary>Caused by</summary><pre class=\"traceback\">\nTraceback (most recent call last):\n  File \"<task>potluck/contexts.py\", line 316, in create\n    our_results = self.builder(prev_context)\n  File \"<task>potluck/specifications.py\", line 2994, in build_context\n    orig = context_utils.extract(prev_context, slot)\n  File \"<task>potluck/context_utils.py\", line 109, in extract\n    raise MissingContextError(\npotluck.context_utils.MissingContextError: Required context slot 'value' not found.\n\n</pre></details>"], "warnings": [], "explanation": "Failed to establish testing context:<br>\nFailed to establish context The first line of output of the value: Test setup failed.<br>\n<details><summary>Caused by</summary><pre class=\"traceback\">\nTraceback (most recent call last):\n  File \"<task>potluck/contexts.py\", line 316, in create\n    our_results = self.builder(prev_context)\n  File \"<task>potluck/specifications.py\", line 2994, in build_context\n    orig = context_utils.extract(prev_context, slot)\n  File \"<task>potluck/context_utils.py\", line 109, in extract\n    raise MissingContextError(\npotluck.context_utils.MissingContextError: Required context slot 'value' not found.\n\n</pre></details>", "description": ["bug #1", "Hint Causes a <code>SyntaxError</code>", "bug #1 (string quotation marks)", "You need to change the single-quotes on line 13 into double quotes because of the apostrophe in \"Let's\"."], "tags": {"category": "core", "goal_type": "product"}, "subtable": []}, {"status": "failed", "notes": ["Failed to establish context The 'smaller number' line of the value: Test setup failed.<br>\n<details><summary>Caused by</summary><pre class=\"traceback\">\nTraceback (most recent call last):\n  File \"<task>potluck/contexts.py\", line 316, in create\n    our_results = self.builder(prev_context)\n  File \"<task>potluck/specifications.py\", line 2994, in build_context\n    orig = context_utils.extract(prev_context, slot)\n  File \"<task>potluck/context_utils.py\", line 109, in extract\n    raise MissingContextError(\npotluck.context_utils.MissingContextError: Required context slot 'value' not found.\n\n</pre></details>", "Failed to establish context The 'smaller number' line of the value: Test setup failed.<br>\n<details><summary>Caused by</summary><pre class=\"traceback\">\nTraceback (most recent call last):\n  File \"<task>potluck/contexts.py\", line 316, in create\n    our_results = self.builder(prev_context)\n  File \"<task>potluck/specifications.py\", line 2994, in build_context\n    orig = context_utils.extract(prev_context, slot)\n  File \"<task>potluck/context_utils.py\", line 109, in extract\n    raise MissingContextError(\npotluck.context_utils.MissingContextError: Required context slot 'value' not found.\n\n</pre></details>"], "warnings": [], "explanation": "Failed to establish testing context:<br>\nFailed to establish context The 'smaller number' line of the value: Test setup failed.<br>\n<details><summary>Caused by</summary><pre class=\"traceback\">\nTraceback (most recent call last):\n  File \"<task>potluck/contexts.py\", line 316, in create\n    our_results = self.builder(prev_context)\n  File \"<task>potluck/specifications.py\", line 2994, in build_context\n    orig = context_utils.extract(prev_context, slot)\n  File \"<task>potluck/context_utils.py\", line 109, in extract\n    raise MissingContextError(\npotluck.context_utils.MissingContextError: Required context slot 'value' not found.\n\n</pre></details>", "description": ["bug #2", "Hint: How does int() work?", "bug #2 (type conversion)", "The call to <code>int</code> on line 17 converts <code>firstNum</code> to an integer, but the result is discarded. The code on line 19 is correct in that it converts the value and then overwrites the result. Changing line 17 to look like line 19 solves the issue, which doesn't manifest until line 27, when the types of the values change how <code>min</code> works."], "tags": {"category": "core", "goal_type": "product"}, "subtable": []}, {"status": "failed", "notes": ["Failed to establish context The 'smaller number' line of the value: Test setup failed.<br>\n<details><summary>Caused by</summary><pre class=\"traceback\">\nTraceback (most recent call last):\n  File \"<task>potluck/contexts.py\", line 316, in create\n    our_results = self.builder(prev_context)\n  File \"<task>potluck/specifications.py\", line 2994, in build_context\n    orig = context_utils.extract(prev_context, slot)\n  File \"<task>potluck/context_utils.py\", line 109, in extract\n    raise MissingContextError(\npotluck.context_utils.MissingContextError: Required context slot 'value' not found.\n\n</pre></details>", "Failed to establish context The 'smaller number' line of the value: Test setup failed.<br>\n<details><summary>Caused by</summary><pre class=\"traceback\">\nTraceback (most recent call last):\n  File \"<task>potluck/contexts.py\", line 316, in create\n    our_results = self.builder(prev_context)\n  File \"<task>potluck/specifications.py\", line 2994, in build_context\n    orig = context_utils.extract(prev_context, slot)\n  File \"<task>potluck/context_utils.py\", line 109, in extract\n    raise MissingContextError(\npotluck.context_utils.MissingContextError: Required context slot 'value' not found.\n\n</pre></details>"], "warnings": [], "explanation": "Failed to establish testing context:<br>\nFailed to establish context The 'smaller number' line of the value: Test setup failed.<br>\n<details><summary>Caused by</summary><pre class=\"traceback\">\nTraceback (most recent call last):\n  File \"<task>potluck/contexts.py\", line 316, in create\n    our_results = self.builder(prev_context)\n  File \"<task>potluck/specifications.py\", line 2994, in build_context\n    orig = context_utils.extract(prev_context, slot)\n  File \"<task>potluck/context_utils.py\", line 109, in extract\n    raise MissingContextError(\npotluck.context_utils.MissingContextError: Required context slot 'value' not found.\n\n</pre></details>", "description": ["bug #2", "Hint: How does int() work?", "bug #2 (type conversion)", "The call to <code>int</code> on line 17 converts <code>firstNum</code> to an integer, but the result is discarded. The code on line 19 is correct in that it converts the value and then overwrites the result. Changing line 17 to look like line 19 solves the issue, which doesn't manifest until line 27, when the types of the values change how <code>min</code> works."], "tags": {"category": "core", "goal_type": "product"}, "subtable": []}, {"status": "failed", "notes": ["Failed to establish context The line 'the numbers you entered...' of the value: Test setup failed.<br>\n<details><summary>Caused by</summary><pre class=\"traceback\">\nTraceback (most recent call last):\n  File \"<task>potluck/contexts.py\", line 316, in create\n    our_results = self.builder(prev_context)\n  File \"<task>potluck/specifications.py\", line 2994, in build_context\n    orig = context_utils.extract(prev_context, slot)\n  File \"<task>potluck/context_utils.py\", line 109, in extract\n    raise MissingContextError(\npotluck.context_utils.MissingContextError: Required context slot 'value' not found.\n\n</pre></details>", "Failed to establish context The line 'the numbers you entered...' of the value: Test setup failed.<br>\n<details><summary>Caused by</summary><pre class=\"traceback\">\nTraceback (most recent call last):\n  File \"<task>potluck/contexts.py\", line 316, in create\n    our_results = self.builder(prev_context)\n  File \"<task>potluck/specifications.py\", line 2994, in build_context\n    orig = context_utils.extract(prev_context, slot)\n  File \"<task>potluck/context_utils.py\", line 109, in extract\n    raise MissingContextError(\npotluck.context_utils.MissingContextError: Required context slot 'value' not found.\n\n</pre></details>"], "warnings": [], "explanation": "Failed to establish testing context:<br>\nFailed to establish context The line 'the numbers you entered...' of the value: Test setup failed.<br>\n<details><summary>Caused by</summary><pre class=\"traceback\">\nTraceback (most recent call last):\n  File \"<task>potluck/contexts.py\", line 316, in create\n    our_results = self.builder(prev_context)\n  File \"<task>potluck/specifications.py\", line 2994, in build_context\n    orig = context_utils.extract(prev_context, slot)\n  File \"<task>potluck/context_utils.py\", line 109, in extract\n    raise MissingContextError(\npotluck.context_utils.MissingContextError: Required context slot 'value' not found.\n\n</pre></details>", "description": ["bug #3", "Hint: Should show both numbers.", "bug #3 (variable vs. string)", "On line 25, the quotes around the word <code>secondNum</code> tell Python to literally use that text, rather than using the value of the variable with that name. Earlier on the same line, <code>firstNum</code> is used correctly, without quotes."], "tags": {"category": "core", "goal_type": "product"}, "subtable": []}, {"status": "failed", "notes": ["Failed to establish context The 'larger number' line of the value: Test setup failed.<br>\n<details><summary>Caused by</summary><pre class=\"traceback\">\nTraceback (most recent call last):\n  File \"<task>potluck/contexts.py\", line 316, in create\n    our_results = self.builder(prev_context)\n  File \"<task>potluck/specifications.py\", line 2994, in build_context\n    orig = context_utils.extract(prev_context, slot)\n  File \"<task>potluck/context_utils.py\", line 109, in extract\n    raise MissingContextError(\npotluck.context_utils.MissingContextError: Required context slot 'value' not found.\n\n</pre></details>", "Failed to establish context The 'larger number' line of the value: Test setup failed.<br>\n<details><summary>Caused by</summary><pre class=\"traceback\">\nTraceback (most recent call last):\n  File \"<task>potluck/contexts.py\", line 316, in create\n    our_results = self.builder(prev_context)\n  File \"<task>potluck/specifications.py\", line 2994, in build_context\n    orig = context_utils.extract(prev_context, slot)\n  File \"<task>potluck/context_utils.py\", line 109, in extract\n    raise MissingContextError(\npotluck.context_utils.MissingContextError: Required context slot 'value' not found.\n\n</pre></details>"], "warnings": [], "explanation": "Failed to establish testing context:<br>\nFailed to establish context The 'larger number' line of the value: Test setup failed.<br>\n<details><summary>Caused by</summary><pre class=\"traceback\">\nTraceback (most recent call last):\n  File \"<task>potluck/contexts.py\", line 316, in create\n    our_results = self.builder(prev_context)\n  File \"<task>potluck/specifications.py\", line 2994, in build_context\n    orig = context_utils.extract(prev_context, slot)\n  File \"<task>potluck/context_utils.py\", line 109, in extract\n    raise MissingContextError(\npotluck.context_utils.MissingContextError: Required context slot 'value' not found.\n\n</pre></details>", "description": ["bug #4", "Hint: Is 12 larger than 5?", "bug #4 (string max)", "On line 26, the <code>max</code> function is used, but the <code>str</code> function is used inside of the function call to convert both arguments to strings. The arguments should be compared as numbers, not as text, because when compared as text alphabetical ordering is used, making '7' count as \"larger than\" '15' since '7' comes after '1' in the dictionary."], "tags": {"category": "core", "goal_type": "product"}, "subtable": []}, {"status": "failed", "notes": ["Failed to establish context The two lines of '=' signs of the value: Test setup failed.<br>\n<details><summary>Caused by</summary><pre class=\"traceback\">\nTraceback (most recent call last):\n  File \"<task>potluck/contexts.py\", line 316, in create\n    our_results = self.builder(prev_context)\n  File \"<task>potluck/specifications.py\", line 2994, in build_context\n    orig = context_utils.extract(prev_context, slot)\n  File \"<task>potluck/context_utils.py\", line 109, in extract\n    raise MissingContextError(\npotluck.context_utils.MissingContextError: Required context slot 'value' not found.\n\n</pre></details>", "Failed to establish context The two lines of '=' signs of the value: Test setup failed.<br>\n<details><summary>Caused by</summary><pre class=\"traceback\">\nTraceback (most recent call last):\n  File \"<task>potluck/contexts.py\", line 316, in create\n    our_results = self.builder(prev_context)\n  File \"<task>potluck/specifications.py\", line 2994, in build_context\n    orig = context_utils.extract(prev_context, slot)\n  File \"<task>potluck/context_utils.py\", line 109, in extract\n    raise MissingContextError(\npotluck.context_utils.MissingContextError: Required context slot 'value' not found.\n\n</pre></details>"], "warnings": [], "explanation": "Failed to establish testing context:<br>\nFailed to establish context The two lines of '=' signs of the value: Test setup failed.<br>\n<details><summary>Caused by</summary><pre class=\"traceback\">\nTraceback (most recent call last):\n  File \"<task>potluck/contexts.py\", line 316, in create\n    our_results = self.builder(prev_context)\n  File \"<task>potluck/specifications.py\", line 2994, in build_context\n    orig = context_utils.extract(prev_context, slot)\n  File \"<task>potluck/context_utils.py\", line 109, in extract\n    raise MissingContextError(\npotluck.context_utils.MissingContextError: Required context slot 'value' not found.\n\n</pre></details>", "description": ["bug #5", "Hint: How are the bars created?", "bug #5 (string repetition)", "On line 29, a series of equals signs to represent a horizontal bar is printed, using multiplication between a string and a number. Line 30 has the bug, where addition is attempted instead of multiplication."], "tags": {"category": "core", "goal_type": "product"}, "subtable": []}, {"status": "failed", "notes": ["Failed to establish context The addition question of the value: Test setup failed.<br>\n<details><summary>Caused by</summary><pre class=\"traceback\">\nTraceback (most recent call last):\n  File \"<task>potluck/contexts.py\", line 316, in create\n    our_results = self.builder(prev_context)\n  File \"<task>potluck/specifications.py\", line 2994, in build_context\n    orig = context_utils.extract(prev_context, slot)\n  File \"<task>potluck/context_utils.py\", line 109, in extract\n    raise MissingContextError(\npotluck.context_utils.MissingContextError: Required context slot 'value' not found.\n\n</pre></details>", "Failed to establish context The addition question of the value: Test setup failed.<br>\n<details><summary>Caused by</summary><pre class=\"traceback\">\nTraceback (most recent call last):\n  File \"<task>potluck/contexts.py\", line 316, in create\n    our_results = self.builder(prev_context)\n  File \"<task>potluck/specifications.py\", line 2994, in build_context\n    orig = context_utils.extract(prev_context, slot)\n  File \"<task>potluck/context_utils.py\", line 109, in extract\n    raise MissingContextError(\npotluck.context_utils.MissingContextError: Required context slot 'value' not found.\n\n</pre></details>"], "warnings": [], "explanation": "Failed to establish testing context:<br>\nFailed to establish context The addition question of the value: Test setup failed.<br>\n<details><summary>Caused by</summary><pre class=\"traceback\">\nTraceback (most recent call last):\n  File \"<task>potluck/contexts.py\", line 316, in create\n    our_results = self.builder(prev_context)\n  File \"<task>potluck/specifications.py\", line 2994, in build_context\n    orig = context_utils.extract(prev_context, slot)\n  File \"<task>potluck/context_utils.py\", line 109, in extract\n    raise MissingContextError(\npotluck.context_utils.MissingContextError: Required context slot 'value' not found.\n\n</pre></details>", "description": ["bug #6", "Hint: Can you add a number to a string?", "bug #6 (concatenation vs. addition)", "Online 34, concatenation of strings is used to build a prompt. However, while <code>firstNum<code> is turned into a string using the <code>str</code> function, <code>secondNum</code> is not. Depending on what you did with bug #2, this will probably cause an error, as numbers and strings cannot be directly added together."], "tags": {"category": "core", "goal_type": "product"}, "subtable": []}]}]}], "contexts": [{"description": "<div class=\"topic\">File 'debugMe.py' <details class=\"help_button\">\n<summary aria-label=\"More details\"></summary>\n<div class=\"help\">We will evaluate your submitted file 'debugMe.py'.</div>\n</details>\n</div>", "depends": [1, 2, 10], "level": 0, "value": "Evaluating 'debugMe.py'"}, {"description": "<div class=\"topic\">Code in the target file <details class=\"help_button\">\n<summary aria-label=\"More details\"></summary>\n<div class=\"help\">We parsed the code in the target file and paidattention to how it was written.</div>\n</details>\n</div>", "depends": [], "level": 1, "value": "The code for 'debugMe.py' (shown elsewhere)."}, {"description": "<div class=\"topic\">Program output (test #1) <details class=\"help_button\">\n<summary aria-label=\"More details\"></summary>\n<div class=\"help\">We ran your program with <code>15</code> and <code>7</code> as the inputs.<br>\nWe ran your submitted code<br>\nTesting details:<ul><li>Will be terminated if it takes longer than 5s.</li>\n<li>Printed output and error messages will be recorded.</li>\n<li>The following inputs will be provided:\n<ul><li><pre class=\"short_repr\">'15'</pre></li>\n<li><pre class=\"short_repr\">'7'</pre></li>\n<li><pre class=\"short_repr\">''</pre></li>\n</ul></li>\n</ul></div>\n</details>\n</div>", "depends": [3, 4, 5, 6, 7, 8, 9], "level": 1, "value": "\n<div class=\"tabs\" role=\"presentation\">\n  <ul class=\"tabs-top\">\n\n<li\n class='tab selected' onclick='toggleTab();'\n tabindex=\"0\"\n aria-label=\"Activate to display Your output after this list.\"\n>\nYour output\n</li>\n\n\n\n<li\n class='tab' onclick='toggleTab();'\n tabindex=\"0\"\n aria-label=\"Activate to display Solution output after this list.\"\n>\nSolution output\n</li>\n\n\n\n<li\n class='tab' onclick='toggleTab();'\n tabindex=\"0\"\n aria-label=\"Activate to display Comparison after this list.\"\n>\nComparison\n</li>\n\n  </ul>\n  <div class=\"tabs-bot\" aria-live=\"polite\">\n\n<section\n class='tab-content selected'\n tabindex=\"0\"\n>\n<pre class='context-value'>Let's practice some math!\nEnter an integer between 1 and 20: 15\nEnter another integer between 1 and 20: 7\n\nThe numbers you entered are 15 and secondNum\nThe larger number is 15\nThe smaller number is 7\nThese bars show how big they are:\n===============\n=======\n\n[Addition] What is 15+7 ? \n[Addition] The answer is: 22\n\n</pre>\n</section>\n\n\n\n<section\n class='tab-content'\n tabindex=\"0\"\n>\n<pre class='context-value'>Let's practice some math!\nEnter an integer between 1 and 20: 15\nEnter another integer between 1 and 20: 7\n\nThe numbers you entered are 15 and secondNum\nThe larger number is 15\nThe smaller number is 7\nThese bars show how big they are:\n===============\n=======\n\n[Addition] What is 15+7 ? \n[Addition] The answer is: 22\n\n</pre>\n</section>\n\n\n\n<section\n class='tab-content'\n tabindex=\"0\"\n>\n\n    <table class=\"diff\" id=\"difflib_chg_to0__top\"\n           cellspacing=\"0\" cellpadding=\"0\" rules=\"groups\" >\n        <colgroup></colgroup> <colgroup></colgroup> <colgroup></colgroup>\n        <colgroup></colgroup> <colgroup></colgroup> <colgroup></colgroup>\n        <thead><tr><th class=\"diff_next\"><br /></th><th colspan=\"2\" class=\"diff_header\">Your output</th><th class=\"diff_next\"><br /></th><th colspan=\"2\" class=\"diff_header\">Solution output</th></tr></thead>\n        <tbody>\n            <tr><td class=\"diff_next\"><a href=\"#difflib_chg_to0__top\">t</a></td><td class=\"diff_header\" id=\"from0_1\">1</td><td nowrap=\"nowrap\">Let's&nbsp;practice&nbsp;some&nbsp;math!</td><td class=\"diff_next\"><a href=\"#difflib_chg_to0__top\">t</a></td><td class=\"diff_header\" id=\"to0_1\">1</td><td nowrap=\"nowrap\">Let's&nbsp;practice&nbsp;some&nbsp;math!</td></tr>\n            <tr><td class=\"diff_next\"></td><td class=\"diff_header\" id=\"from0_2\">2</td><td nowrap=\"nowrap\">Enter&nbsp;an&nbsp;integer&nbsp;between&nbsp;1&nbsp;and&nbsp;20:&nbsp;15</td><td class=\"diff_next\"></td><td class=\"diff_header\" id=\"to0_2\">2</td><td nowrap=\"nowrap\">Enter&nbsp;an&nbsp;integer&nbsp;between&nbsp;1&nbsp;and&nbsp;20:&nbsp;15</td></tr>\n            <tr><td class=\"diff_next\"></td><td class=\"diff_header\" id=\"from0_3\">3</td><td nowrap=\"nowrap\">Enter&nbsp;another&nbsp;integer&nbsp;between&nbsp;1&nbsp;and&nbsp;20:&nbsp;7</td><td class=\"diff_next\"></td><td class=\"diff_header\" id=\"to0_3\">3</td><td nowrap=\"nowrap\">Enter&nbsp;another&nbsp;integer&nbsp;between&nbsp;1&nbsp;and&nbsp;20:&nbsp;7</td></tr>\n            <tr><td class=\"diff_next\"></td><td class=\"diff_header\" id=\"from0_4\">4</td><td nowrap=\"nowrap\"></td><td class=\"diff_next\"></td><td class=\"diff_header\" id=\"to0_4\">4</td><td nowrap=\"nowrap\"></td></tr>\n            <tr><td class=\"diff_next\"></td><td class=\"diff_header\" id=\"from0_5\">5</td><td nowrap=\"nowrap\">The&nbsp;numbers&nbsp;you&nbsp;entered&nbsp;are&nbsp;15&nbsp;and&nbsp;secondNum</td><td class=\"diff_next\"></td><td class=\"diff_header\" id=\"to0_5\">5</td><td nowrap=\"nowrap\">The&nbsp;numbers&nbsp;you&nbsp;entered&nbsp;are&nbsp;15&nbsp;and&nbsp;secondNum</td></tr>\n            <tr><td class=\"diff_next\"></td><td class=\"diff_header\" id=\"from0_6\">6</td><td nowrap=\"nowrap\">The&nbsp;larger&nbsp;number&nbsp;is&nbsp;15</td><td class=\"diff_next\"></td><td class=\"diff_header\" id=\"to0_6\">6</td><td nowrap=\"nowrap\">The&nbsp;larger&nbsp;number&nbsp;is&nbsp;15</td></tr>\n            <tr><td class=\"diff_next\"></td><td class=\"diff_header\" id=\"from0_7\">7</td><td nowrap=\"nowrap\">The&nbsp;smaller&nbsp;number&nbsp;is&nbsp;7</td><td class=\"diff_next\"></td><td class=\"diff_header\" id=\"to0_7\">7</td><td nowrap=\"nowrap\">The&nbsp;smaller&nbsp;number&nbsp;is&nbsp;7</td></tr>\n            <tr><td class=\"diff_next\"></td><td class=\"diff_header\" id=\"from0_8\">8</td><td nowrap=\"nowrap\">These&nbsp;bars&nbsp;show&nbsp;how&nbsp;big&nbsp;they&nbsp;are:</td><td class=\"diff_next\"></td><td class=\"diff_header\" id=\"to0_8\">8</td><td nowrap=\"nowrap\">These&nbsp;bars&nbsp;show&nbsp;how&nbsp;big&nbsp;they&nbsp;are:</td></tr>\n            <tr><td class=\"diff_next\"></td><td class=\"diff_header\" id=\"from0_9\">9</td><td nowrap=\"nowrap\">===============</td><td class=\"diff_next\"></td><td class=\"diff_header\" id=\"to0_9\">9</td><td nowrap=\"nowrap\">===============</td></tr>\n            <tr><td class=\"diff_next\"></td><td class=\"diff_header\" id=\"from0_10\">10</td><td nowrap=\"nowrap\">=======</td><td class=\"diff_next\"></td><td class=\"diff_header\" id=\"to0_10\">10</td><td nowrap=\"nowrap\">=======</td></tr>\n            <tr><td class=\"diff_next\"></td><td class=\"diff_header\" id=\"from0_11\">11</td><td nowrap=\"nowrap\"></td><td class=\"diff_next\"></td><td class=\"diff_header\" id=\"to0_11\">11</td><td nowrap=\"nowrap\"></td></tr>\n            <tr><td class=\"diff_next\"></td><td class=\"diff_header\" id=\"from0_12\">12</td><td nowrap=\"nowrap\">[Addition]&nbsp;What&nbsp;is&nbsp;15+7&nbsp;?&nbsp;</td><td class=\"diff_next\"></td><td class=\"diff_header\" id=\"to0_12\">12</td><td nowrap=\"nowrap\">[Addition]&nbsp;What&nbsp;is&nbsp;15+7&nbsp;?&nbsp;</td></tr>\n            <tr><td class=\"diff_next\"></td><td class=\"diff_header\" id=\"from0_13\">13</td><td nowrap=\"nowrap\">[Addition]&nbsp;The&nbsp;answer&nbsp;is:&nbsp;22</td><td class=\"diff_next\"></td><td class=\"diff_header\" id=\"to0_13\">13</td><td nowrap=\"nowrap\">[Addition]&nbsp;The&nbsp;answer&nbsp;is:&nbsp;22</td></tr>\n            <tr><td class=\"diff_next\"></td><td class=\"diff_header\" id=\"from0_14\">14</td><td nowrap=\"nowrap\"></td><td class=\"diff_next\"></td><td class=\"diff_header\" id=\"to0_14\">14</td><td nowrap=\"nowrap\"></td></tr>\n            <tr><td class=\"diff_next\"></td><td class=\"diff_header\" id=\"from0_15\">15</td><td nowrap=\"nowrap\"></td><td class=\"diff_next\"></td><td class=\"diff_header\" id=\"to0_15\">15</td><td nowrap=\"nowrap\"></td></tr>\n        </tbody>\n    </table>\n</section>\n\n  </div>\n</div>\n"}, {"description": "<div class=\"topic\">The first line of output of the value <details class=\"help_button\">\n<summary aria-label=\"More details\"></summary>\n<div class=\"help\">We searched through the value for the first line of output.</div>\n</details>\n</div>", "depends": [], "level": 2, "value": "<div class=\"context_error\">\n  <h3>An error was encountered while attempting to run this test.</h3>\n<pre>\n(arising in context 'The first line of output of the value') <br>\n  caused by: Required context slot 'value' not found.\n</pre>\n</div>\n"}, {"description": "<div class=\"topic\">The 'smaller number' line of the value <details class=\"help_button\">\n<summary aria-label=\"More details\"></summary>\n<div class=\"help\">We searched through the value for the 'smaller number' line.</div>\n</details>\n</div>", "depends": [], "level": 2, "value": "<div class=\"context_error\">\n  <h3>An error was encountered while attempting to run this test.</h3>\n<pre>\n(arising in context 'The 'smaller number' line of the value') <br>\n  caused by: Required context slot 'value' not found.\n</pre>\n</div>\n"}, {"description": "<div class=\"topic\">The 'smaller number' line of the value <details class=\"help_button\">\n<summary aria-label=\"More details\"></summary>\n<div class=\"help\">We searched through the value for the 'smaller number' line.</div>\n</details>\n</div>", "depends": [], "level": 2, "value": "<div class=\"context_error\">\n  <h3>An error was encountered while attempting to run this test.</h3>\n<pre>\n(arising in context 'The 'smaller number' line of the value') <br>\n  caused by: Required context slot 'value' not found.\n</pre>\n</div>\n"}, {"description": "<div class=\"topic\">The line 'the numbers you entered...' of the value <details class=\"help_button\">\n<summary aria-label=\"More details\"></summary>\n<div class=\"help\">We searched through the value for the line 'The numbers you entered...'.</div>\n</details>\n</div>", "depends": [], "level": 2, "value": "<div class=\"context_error\">\n  <h3>An error was encountered while attempting to run this test.</h3>\n<pre>\n(arising in context 'The line 'the numbers you entered...' of the value') <br>\n  caused by: Required context slot 'value' not found.\n</pre>\n</div>\n"}, {"description": "<div class=\"topic\">The 'larger number' line of the value <details class=\"help_button\">\n<summary aria-label=\"More details\"></summary>\n<div class=\"help\">We searched through the value for the 'larger number' line.</div>\n</details>\n</div>", "depends": [], "level": 2, "value": "<div class=\"context_error\">\n  <h3>An error was encountered while attempting to run this test.</h3>\n<pre>\n(arising in context 'The 'larger number' line of the value') <br>\n  caused by: Required context slot 'value' not found.\n</pre>\n</div>\n"}, {"description": "<div class=\"topic\">The two lines of '=' signs of the value <details class=\"help_button\">\n<summary aria-label=\"More details\"></summary>\n<div class=\"help\">We searched through the value for the two lines of '=' signs.</div>\n</details>\n</div>", "depends": [], "level": 2, "value": "<div class=\"context_error\">\n  <h3>An error was encountered while attempting to run this test.</h3>\n<pre>\n(arising in context 'The two lines of '=' signs of the value') <br>\n  caused by: Required context slot 'value' not found.\n</pre>\n</div>\n"}, {"description": "<div class=\"topic\">The addition question of the value <details class=\"help_button\">\n<summary aria-label=\"More details\"></summary>\n<div class=\"help\">We searched through the value for the addition question.</div>\n</details>\n</div>", "depends": [], "level": 2, "value": "<div class=\"context_error\">\n  <h3>An error was encountered while attempting to run this test.</h3>\n<pre>\n(arising in context 'The addition question of the value') <br>\n  caused by: Required context slot 'value' not found.\n</pre>\n</div>\n"}, {"description": "<div class=\"topic\">Program output (test #2) <details class=\"help_button\">\n<summary aria-label=\"More details\"></summary>\n<div class=\"help\">We ran your program with <code>5</code> and <code>6</code> as the inputs.<br>\nWe ran your submitted code<br>\nTesting details:<ul><li>Will be terminated if it takes longer than 5s.</li>\n<li>Printed output and error messages will be recorded.</li>\n<li>The following inputs will be provided:\n<ul><li><pre class=\"short_repr\">'5'</pre></li>\n<li><pre class=\"short_repr\">'6'</pre></li>\n<li><pre class=\"short_repr\">''</pre></li>\n</ul></li>\n</ul></div>\n</details>\n</div>", "depends": [11, 12, 13, 14, 15, 16, 17], "level": 1, "value": "\n<div class=\"tabs\" role=\"presentation\">\n  <ul class=\"tabs-top\">\n\n<li\n class='tab selected' onclick='toggleTab();'\n tabindex=\"0\"\n aria-label=\"Activate to display Your output after this list.\"\n>\nYour output\n</li>\n\n\n\n<li\n class='tab' onclick='toggleTab();'\n tabindex=\"0\"\n aria-label=\"Activate to display Solution output after this list.\"\n>\nSolution output\n</li>\n\n\n\n<li\n class='tab' onclick='toggleTab();'\n tabindex=\"0\"\n aria-label=\"Activate to display Comparison after this list.\"\n>\nComparison\n</li>\n\n  </ul>\n  <div class=\"tabs-bot\" aria-live=\"polite\">\n\n<section\n class='tab-content selected'\n tabindex=\"0\"\n>\n<pre class='context-value'>Let's practice some math!\nEnter an integer between 1 and 20: 5\nEnter another integer between 1 and 20: 6\n\nThe numbers you entered are 5 and secondNum\nThe larger number is 6\nThe smaller number is 5\nThese bars show how big they are:\n=====\n======\n\n[Addition] What is 5+6 ? \n[Addition] The answer is: 11\n\n</pre>\n</section>\n\n\n\n<section\n class='tab-content'\n tabindex=\"0\"\n>\n<pre class='context-value'>Let's practice some math!\nEnter an integer between 1 and 20: 5\nEnter another integer between 1 and 20: 6\n\nThe numbers you entered are 5 and secondNum\nThe larger number is 6\nThe smaller number is 5\nThese bars show how big they are:\n=====\n======\n\n[Addition] What is 5+6 ? \n[Addition] The answer is: 11\n\n</pre>\n</section>\n\n\n\n<section\n class='tab-content'\n tabindex=\"0\"\n>\n\n    <table class=\"diff\" id=\"difflib_chg_to1__top\"\n           cellspacing=\"0\" cellpadding=\"0\" rules=\"groups\" >\n        <colgroup></colgroup> <colgroup></colgroup> <colgroup></colgroup>\n        <colgroup></colgroup> <colgroup></colgroup> <colgroup></colgroup>\n        <thead><tr><th class=\"diff_next\"><br /></th><th colspan=\"2\" class=\"diff_header\">Your output</th><th class=\"diff_next\"><br /></th><th colspan=\"2\" class=\"diff_header\">Solution output</th></tr></thead>\n        <tbody>\n            <tr><td class=\"diff_next\"><a href=\"#difflib_chg_to1__top\">t</a></td><td class=\"diff_header\" id=\"from1_1\">1</td><td nowrap=\"nowrap\">Let's&nbsp;practice&nbsp;some&nbsp;math!</td><td class=\"diff_next\"><a href=\"#difflib_chg_to1__top\">t</a></td><td class=\"diff_header\" id=\"to1_1\">1</td><td nowrap=\"nowrap\">Let's&nbsp;practice&nbsp;some&nbsp;math!</td></tr>\n            <tr><td class=\"diff_next\"></td><td class=\"diff_header\" id=\"from1_2\">2</td><td nowrap=\"nowrap\">Enter&nbsp;an&nbsp;integer&nbsp;between&nbsp;1&nbsp;and&nbsp;20:&nbsp;5</td><td class=\"diff_next\"></td><td class=\"diff_header\" id=\"to1_2\">2</td><td nowrap=\"nowrap\">Enter&nbsp;an&nbsp;integer&nbsp;between&nbsp;1&nbsp;and&nbsp;20:&nbsp;5</td></tr>\n            <tr><td class=\"diff_next\"></td><td class=\"diff_header\" id=\"from1_3\">3</td><td nowrap=\"nowrap\">Enter&nbsp;another&nbsp;integer&nbsp;between&nbsp;1&nbsp;and&nbsp;20:&nbsp;6</td><td class=\"diff_next\"></td><td class=\"diff_header\" id=\"to1_3\">3</td><td nowrap=\"nowrap\">Enter&nbsp;another&nbsp;integer&nbsp;between&nbsp;1&nbsp;and&nbsp;20:&nbsp;6</td></tr>\n            <tr><td class=\"diff_next\"></td><td class=\"diff_header\" id=\"from1_4\">4</td><td nowrap=\"nowrap\"></td><td class=\"diff_next\"></td><td class=\"diff_header\" id=\"to1_4\">4</td><td nowrap=\"nowrap\"></td></tr>\n            <tr><td class=\"diff_next\"></td><td class=\"diff_header\" id=\"from1_5\">5</td><td nowrap=\"nowrap\">The&nbsp;numbers&nbsp;you&nbsp;entered&nbsp;are&nbsp;5&nbsp;and&nbsp;secondNum</td><td class=\"diff_next\"></td><td class=\"diff_header\" id=\"to1_5\">5</td><td nowrap=\"nowrap\">The&nbsp;numbers&nbsp;you&nbsp;entered&nbsp;are&nbsp;5&nbsp;and&nbsp;secondNum</td></tr>\n            <tr><td class=\"diff_next\"></td><td class=\"diff_header\" id=\"from1_6\">6</td><td nowrap=\"nowrap\">The&nbsp;larger&nbsp;number&nbsp;is&nbsp;6</td><td class=\"diff_next\"></td><td class=\"diff_header\" id=\"to1_6\">6</td><td nowrap=\"nowrap\">The&nbsp;larger&nbsp;number&nbsp;is&nbsp;6</td></tr>\n            <tr><td class=\"diff_next\"></td><td class=\"diff_header\" id=\"from1_7\">7</td><td nowrap=\"nowrap\">The&nbsp;smaller&nbsp;number&nbsp;is&nbsp;5</td><td class=\"diff_next\"></td><td class=\"diff_header\" id=\"to1_7\">7</td><td nowrap=\"nowrap\">The&nbsp;smaller&nbsp;number&nbsp;is&nbsp;5</td></tr>\n            <tr><td class=\"diff_next\"></td><td class=\"diff_header\" id=\"from1_8\">8</td><td nowrap=\"nowrap\">These&nbsp;bars&nbsp;show&nbsp;how&nbsp;big&nbsp;they&nbsp;are:</td><td class=\"diff_next\"></td><td class=\"diff_header\" id=\"to1_8\">8</td><td nowrap=\"nowrap\">These&nbsp;bars&nbsp;show&nbsp;how&nbsp;big&nbsp;they&nbsp;are:</td></tr>\n            <tr><td class=\"diff_next\"></td><td class=\"diff_header\" id=\"from1_9\">9</td><td nowrap=\"nowrap\">=====</td><td class=\"diff_next\"></td><td class=\"diff_header\" id=\"to1_9\">9</td><td nowrap=\"nowrap\">=====</td></tr>\n            <tr><td class=\"diff_next\"></td><td class=\"diff_header\" id=\"from1_10\">10</td><td nowrap=\"nowrap\">======</td><td class=\"diff_next\"></td><td class=\"diff_header\" id=\"to1_10\">10</td><td nowrap=\"nowrap\">======</td></tr>\n            <tr><td class=\"diff_next\"></td><td class=\"diff_header\" id=\"from1_11\">11</td><td nowrap=\"nowrap\"></td><td class=\"diff_next\"></td><td class=\"diff_header\" id=\"to1_11\">11</td><td nowrap=\"nowrap\"></td></tr>\n            <tr><td class=\"diff_next\"></td><td class=\"diff_header\" id=\"from1_12\">12</td><td nowrap=\"nowrap\">[Addition]&nbsp;What&nbsp;is&nbsp;5+6&nbsp;?&nbsp;</td><td class=\"diff_next\"></td><td class=\"diff_header\" id=\"to1_12\">12</td><td nowrap=\"nowrap\">[Addition]&nbsp;What&nbsp;is&nbsp;5+6&nbsp;?&nbsp;</td></tr>\n            <tr><td class=\"diff_next\"></td><td class=\"diff_header\" id=\"from1_13\">13</td><td nowrap=\"nowrap\">[Addition]&nbsp;The&nbsp;answer&nbsp;is:&nbsp;11</td><td class=\"diff_next\"></td><td class=\"diff_header\" id=\"to1_13\">13</td><td nowrap=\"nowrap\">[Addition]&nbsp;The&nbsp;answer&nbsp;is:&nbsp;11</td></tr>\n            <tr><td class=\"diff_next\"></td><td class=\"diff_header\" id=\"from1_14\">14</td><td nowrap=\"nowrap\"></td><td class=\"diff_next\"></td><td class=\"diff_header\" id=\"to1_14\">14</td><td nowrap=\"nowrap\"></td></tr>\n            <tr><td class=\"diff_next\"></td><td class=\"diff_header\" id=\"from1_15\">15</td><td nowrap=\"nowrap\"></td><td class=\"diff_next\"></td><td class=\"diff_header\" id=\"to1_15\">15</td><td nowrap=\"nowrap\"></td></tr>\n        </tbody>\n    </table>\n</section>\n\n  </div>\n</div>\n"}, {"description": "<div class=\"topic\">The first line of output of the value <details class=\"help_button\">\n<summary aria-label=\"More details\"></summary>\n<div class=\"help\">We searched through the value for the first line of output.</div>\n</details>\n</div>", "depends": [], "level": 2, "value": "<div class=\"context_error\">\n  <h3>An error was encountered while attempting to run this test.</h3>\n<pre>\n(arising in context 'The first line of output of the value') <br>\n  caused by: Required context slot 'value' not found.\n</pre>\n</div>\n"}, {"description": "<div class=\"topic\">The 'smaller number' line of the value <details class=\"help_button\">\n<summary aria-label=\"More details\"></summary>\n<div class=\"help\">We searched through the value for the 'smaller number' line.</div>\n</details>\n</div>", "depends": [], "level": 2, "value": "<div class=\"context_error\">\n  <h3>An error was encountered while attempting to run this test.</h3>\n<pre>\n(arising in context 'The 'smaller number' line of the value') <br>\n  caused by: Required context slot 'value' not found.\n</pre>\n</div>\n"}, {"description": "<div class=\"topic\">The 'smaller number' line of the value <details class=\"help_button\">\n<summary aria-label=\"More details\"></summary>\n<div class=\"help\">We searched through the value for the 'smaller number' line.</div>\n</details>\n</div>", "depends": [], "level": 2, "value": "<div class=\"context_error\">\n  <h3>An error was encountered while attempting to run this test.</h3>\n<pre>\n(arising in context 'The 'smaller number' line of the value') <br>\n  caused by: Required context slot 'value' not found.\n</pre>\n</div>\n"}, {"description": "<div class=\"topic\">The line 'the numbers you entered...' of the value <details class=\"help_button\">\n<summary aria-label=\"More details\"></summary>\n<div class=\"help\">We searched through the value for the line 'The numbers you entered...'.</div>\n</details>\n</div>", "depends": [], "level": 2, "value": "<div class=\"context_error\">\n  <h3>An error was encountered while attempting to run this test.</h3>\n<pre>\n(arising in context 'The line 'the numbers you entered...' of the value') <br>\n  caused by: Required context slot 'value' not found.\n</pre>\n</div>\n"}, {"description": "<div class=\"topic\">The 'larger number' line of the value <details class=\"help_button\">\n<summary aria-label=\"More details\"></summary>\n<div class=\"help\">We searched through the value for the 'larger number' line.</div>\n</details>\n</div>", "depends": [], "level": 2, "value": "<div class=\"context_error\">\n  <h3>An error was encountered while attempting to run this test.</h3>\n<pre>\n(arising in context 'The 'larger number' line of the value') <br>\n  caused by: Required context slot 'value' not found.\n</pre>\n</div>\n"}, {"description": "<div class=\"topic\">The two lines of '=' signs of the value <details class=\"help_button\">\n<summary aria-label=\"More details\"></summary>\n<div class=\"help\">We searched through the value for the two lines of '=' signs.</div>\n</details>\n</div>", "depends": [], "level": 2, "value": "<div class=\"context_error\">\n  <h3>An error was encountered while attempting to run this test.</h3>\n<pre>\n(arising in context 'The two lines of '=' signs of the value') <br>\n  caused by: Required context slot 'value' not found.\n</pre>\n</div>\n"}, {"description": "<div class=\"topic\">The addition question of the value <details class=\"help_button\">\n<summary aria-label=\"More details\"></summary>\n<div class=\"help\">We searched through the value for the addition question.</div>\n</details>\n</div>", "depends": [], "level": 2, "value": "<div class=\"context_error\">\n  <h3>An error was encountered while attempting to run this test.</h3>\n<pre>\n(arising in context 'The addition question of the value') <br>\n  caused by: Required context slot 'value' not found.\n</pre>\n</div>\n"}], "timestamp": "20210628@15:23:43"}