# JRE version: Java(TM) SE Runtime Environment (8.0_281-b09) (build 1.8.0_281-b09)
# Java VM: Java HotSpot(TM) 64-Bit Server VM (25.281-b09 mixed mode windows-amd64 compressed oops)
Heap:
 PSYoungGen      total 70144K, used 35241K [0x000000076b800000, 0x0000000775480000, 0x00000007c0000000)
  eden space 56832K, 39% used [0x000000076b800000,0x000000076cde2730,0x000000076ef80000)
  from space 13312K, 96% used [0x000000076f080000,0x000000076fd08000,0x000000076fd80000)
  to   space 51712K, 0% used [0x0000000772200000,0x0000000772200000,0x0000000775480000)
 ParOldGen       total 167936K, used 66094K [0x00000006c2800000, 0x00000006ccc00000, 0x000000076b800000)
  object space 167936K, 39% used [0x00000006c2800000,0x00000006c688ba80,0x00000006ccc00000)
 Metaspace       used 21246K, capacity 21480K, committed 21760K, reserved 1069056K
  class space    used 2669K, capacity 2757K, committed 2816K, reserved 1048576K
GC Heap History (10 events):
Event: 2734.294 GC heap before
{Heap before GC invocations=8 (full 1):
 PSYoungGen      total 117248K, used 80096K [0x000000076b800000, 0x0000000776a80000, 0x00000007c0000000)
  eden space 61952K, 100% used [0x000000076b800000,0x000000076f480000,0x000000076f480000)
  from space 55296K, 32% used [0x0000000773480000,0x0000000774638000,0x0000000776a80000)
  to   space 60416K, 0% used [0x000000076f480000,0x000000076f480000,0x0000000772f80000)
 ParOldGen       total 167936K, used 51418K [0x00000006c2800000, 0x00000006ccc00000, 0x000000076b800000)
  object space 167936K, 30% used [0x00000006c2800000,0x00000006c5a36a70,0x00000006ccc00000)
 Metaspace       used 20859K, capacity 21154K, committed 21504K, reserved 1069056K
  class space    used 2640K, capacity 2756K, committed 2816K, reserved 1048576K
Event: 2734.321 GC heap after
Heap after GC invocations=8 (full 1):
 PSYoungGen      total 82432K, used 21472K [0x000000076b800000, 0x0000000776280000, 0x00000007c0000000)
  eden space 60928K, 0% used [0x000000076b800000,0x000000076b800000,0x000000076f380000)
  from space 21504K, 99% used [0x000000076f480000,0x0000000770978000,0x0000000770980000)
  to   space 56832K, 0% used [0x0000000772b00000,0x0000000772b00000,0x0000000776280000)
 ParOldGen       total 167936K, used 51418K [0x00000006c2800000, 0x00000006ccc00000, 0x000000076b800000)
  object space 167936K, 30% used [0x00000006c2800000,0x00000006c5a36a70,0x00000006ccc00000)
 Metaspace       used 20859K, capacity 21154K, committed 21504K, reserved 1069056K
  class space    used 2640K, capacity 2756K, committed 2816K, reserved 1048576K
}
Event: 3273.276 GC heap before
{Heap before GC invocations=9 (full 1):
 PSYoungGen      total 82432K, used 82400K [0x000000076b800000, 0x0000000776280000, 0x00000007c0000000)
  eden space 60928K, 100% used [0x000000076b800000,0x000000076f380000,0x000000076f380000)
  from space 21504K, 99% used [0x000000076f480000,0x0000000770978000,0x0000000770980000)
  to   space 56832K, 0% used [0x0000000772b00000,0x0000000772b00000,0x0000000776280000)
 ParOldGen       total 167936K, used 51418K [0x00000006c2800000, 0x00000006ccc00000, 0x000000076b800000)
  object space 167936K, 30% used [0x00000006c2800000,0x00000006c5a36a70,0x00000006ccc00000)
 Metaspace       used 20877K, capacity 21154K, committed 21504K, reserved 1069056K
  class space    used 2640K, capacity 2756K, committed 2816K, reserved 1048576K
Event: 3273.307 GC heap after
Heap after GC invocations=9 (full 1):
 PSYoungGen      total 110592K, used 28512K [0x000000076b800000, 0x0000000775c80000, 0x00000007c0000000)
  eden space 59904K, 0% used [0x000000076b800000,0x000000076b800000,0x000000076f280000)
  from space 50688K, 56% used [0x0000000772b00000,0x00000007746d8000,0x0000000775c80000)
  to   space 54272K, 0% used [0x000000076f280000,0x000000076f280000,0x0000000772780000)
 ParOldGen       total 167936K, used 51426K [0x00000006c2800000, 0x00000006ccc00000, 0x000000076b800000)
  object space 167936K, 30% used [0x00000006c2800000,0x00000006c5a38a70,0x00000006ccc00000)
 Metaspace       used 20877K, capacity 21154K, committed 21504K, reserved 1069056K
  class space    used 2640K, capacity 2756K, committed 2816K, reserved 1048576K
}
Event: 3276.244 GC heap before
{Heap before GC invocations=10 (full 1):
 PSYoungGen      total 110592K, used 88416K [0x000000076b800000, 0x0000000775c80000, 0x00000007c0000000)
  eden space 59904K, 100% used [0x000000076b800000,0x000000076f280000,0x000000076f280000)
  from space 50688K, 56% used [0x0000000772b00000,0x00000007746d8000,0x0000000775c80000)
  to   space 54272K, 0% used [0x000000076f280000,0x000000076f280000,0x0000000772780000)
 ParOldGen       total 167936K, used 51426K [0x00000006c2800000, 0x00000006ccc00000, 0x000000076b800000)
  object space 167936K, 30% used [0x00000006c2800000,0x00000006c5a38a70,0x00000006ccc00000)
 Metaspace       used 20878K, capacity 21154K, committed 21504K, reserved 1069056K
  class space    used 2640K, capacity 2756K, committed 2816K, reserved 1048576K
Event: 3276.279 GC heap after
Heap after GC invocations=10 (full 1):
 PSYoungGen      total 91648K, used 32544K [0x000000076b800000, 0x0000000775a80000, 0x00000007c0000000)
  eden space 58880K, 0% used [0x000000076b800000,0x000000076b800000,0x000000076f180000)
  from space 32768K, 99% used [0x000000076f280000,0x0000000771248000,0x0000000771280000)
  to   space 53760K, 0% used [0x0000000772600000,0x0000000772600000,0x0000000775a80000)
 ParOldGen       total 167936K, used 58914K [0x00000006c2800000, 0x00000006ccc00000, 0x000000076b800000)
  object space 167936K, 35% used [0x00000006c2800000,0x00000006c6188a70,0x00000006ccc00000)
 Metaspace       used 20878K, capacity 21154K, committed 21504K, reserved 1069056K
  class space    used 2640K, capacity 2756K, committed 2816K, reserved 1048576K
}
Event: 3608.946 GC heap before
{Heap before GC invocations=11 (full 1):
 PSYoungGen      total 91648K, used 91424K [0x000000076b800000, 0x0000000775a80000, 0x00000007c0000000)
  eden space 58880K, 100% used [0x000000076b800000,0x000000076f180000,0x000000076f180000)
  from space 32768K, 99% used [0x000000076f280000,0x0000000771248000,0x0000000771280000)
  to   space 53760K, 0% used [0x0000000772600000,0x0000000772600000,0x0000000775a80000)
 ParOldGen       total 167936K, used 58914K [0x00000006c2800000, 0x00000006ccc00000, 0x000000076b800000)
  object space 167936K, 35% used [0x00000006c2800000,0x00000006c6188a70,0x00000006ccc00000)
 Metaspace       used 20918K, capacity 21218K, committed 21504K, reserved 1069056K
  class space    used 2640K, capacity 2756K, committed 2816K, reserved 1048576K
Event: 3608.989 GC heap after
Heap after GC invocations=11 (full 1):
 PSYoungGen      total 107520K, used 19776K [0x000000076b800000, 0x0000000775680000, 0x00000007c0000000)
  eden space 57856K, 0% used [0x000000076b800000,0x000000076b800000,0x000000076f080000)
  from space 49664K, 39% used [0x0000000772600000,0x0000000773950000,0x0000000775680000)
  to   space 52224K, 0% used [0x000000076f080000,0x000000076f080000,0x0000000772380000)
 ParOldGen       total 167936K, used 65274K [0x00000006c2800000, 0x00000006ccc00000, 0x000000076b800000)
  object space 167936K, 38% used [0x00000006c2800000,0x00000006c67bea70,0x00000006ccc00000)
 Metaspace       used 20918K, capacity 21218K, committed 21504K, reserved 1069056K
  class space    used 2640K, capacity 2756K, committed 2816K, reserved 1048576K
}
Event: 4367.469 GC heap before
{Heap before GC invocations=12 (full 1):
 PSYoungGen      total 107520K, used 77632K [0x000000076b800000, 0x0000000775680000, 0x00000007c0000000)
  eden space 57856K, 100% used [0x000000076b800000,0x000000076f080000,0x000000076f080000)
  from space 49664K, 39% used [0x0000000772600000,0x0000000773950000,0x0000000775680000)
  to   space 52224K, 0% used [0x000000076f080000,0x000000076f080000,0x0000000772380000)
 ParOldGen       total 167936K, used 65274K [0x00000006c2800000, 0x00000006ccc00000, 0x000000076b800000)
  object space 167936K, 38% used [0x00000006c2800000,0x00000006c67bea70,0x00000006ccc00000)
 Metaspace       used 20928K, capacity 21218K, committed 21504K, reserved 1069056K
  class space    used 2640K, capacity 2756K, committed 2816K, reserved 1048576K
Event: 4367.487 GC heap after
Heap after GC invocations=12 (full 1):
 PSYoungGen      total 70144K, used 12832K [0x000000076b800000, 0x0000000775480000, 0x00000007c0000000)
  eden space 56832K, 0% used [0x000000076b800000,0x000000076b800000,0x000000076ef80000)
  from space 13312K, 96% used [0x000000076f080000,0x000000076fd08000,0x000000076fd80000)
  to   space 51712K, 0% used [0x0000000772200000,0x0000000772200000,0x0000000775480000)
 ParOldGen       total 167936K, used 66094K [0x00000006c2800000, 0x00000006ccc00000, 0x000000076b800000)
  object space 167936K, 39% used [0x00000006c2800000,0x00000006c688ba80,0x00000006ccc00000)
 Metaspace       used 20928K, capacity 21218K, committed 21504K, reserved 1069056K
  class space    used 2640K, capacity 2756K, committed 2816K, reserved 1048576K
}

