# JRE version: Java(TM) SE Runtime Environment (8.0_281-b09) (build 1.8.0_281-b09)
# Java VM: Java HotSpot(TM) 64-Bit Server VM (25.281-b09 mixed mode windows-amd64 compressed oops)
Heap:
 PSYoungGen      total 36864K, used 30259K [0x000000076b800000, 0x000000076ee00000, 0x00000007c0000000)
  eden space 32768K, 80% used [0x000000076b800000,0x000000076d1b4d28,0x000000076d800000)
  from space 4096K, 96% used [0x000000076d880000,0x000000076dc58000,0x000000076dc80000)
  to   space 11264K, 0% used [0x000000076e300000,0x000000076e300000,0x000000076ee00000)
 ParOldGen       total 204800K, used 96702K [0x00000006c2800000, 0x00000006cf000000, 0x000000076b800000)
  object space 204800K, 47% used [0x00000006c2800000,0x00000006c866fbf0,0x00000006cf000000)
 Metaspace       used 21576K, capacity 21840K, committed 22144K, reserved 1069056K
  class space    used 2714K, capacity 2821K, committed 2944K, reserved 1048576K
GC Heap History (10 events):
Event: 240322.960 GC heap before
{Heap before GC invocations=44 (full 1):
 PSYoungGen      total 49664K, used 38848K [0x000000076b800000, 0x000000076f980000, 0x00000007c0000000)
  eden space 35328K, 100% used [0x000000076b800000,0x000000076da80000,0x000000076da80000)
  from space 14336K, 24% used [0x000000076eb80000,0x000000076eef0000,0x000000076f980000)
  to   space 15872K, 0% used [0x000000076da80000,0x000000076da80000,0x000000076ea00000)
 ParOldGen       total 204800K, used 96694K [0x00000006c2800000, 0x00000006cf000000, 0x000000076b800000)
  object space 204800K, 47% used [0x00000006c2800000,0x00000006c866dbf0,0x00000006cf000000)
 Metaspace       used 20127K, capacity 20412K, committed 20608K, reserved 1067008K
  class space    used 2533K, capacity 2625K, committed 2688K, reserved 1048576K
Event: 240322.971 GC heap after
Heap after GC invocations=44 (full 1):
 PSYoungGen      total 38912K, used 3712K [0x000000076b800000, 0x000000076f700000, 0x00000007c0000000)
  eden space 34816K, 0% used [0x000000076b800000,0x000000076b800000,0x000000076da00000)
  from space 4096K, 90% used [0x000000076da80000,0x000000076de20000,0x000000076de80000)
  to   space 14848K, 0% used [0x000000076e880000,0x000000076e880000,0x000000076f700000)
 ParOldGen       total 204800K, used 96694K [0x00000006c2800000, 0x00000006cf000000, 0x000000076b800000)
  object space 204800K, 47% used [0x00000006c2800000,0x00000006c866dbf0,0x00000006cf000000)
 Metaspace       used 20127K, capacity 20412K, committed 20608K, reserved 1067008K
  class space    used 2533K, capacity 2625K, committed 2688K, reserved 1048576K
}
Event: 241643.217 GC heap before
{Heap before GC invocations=45 (full 1):
 PSYoungGen      total 38912K, used 38528K [0x000000076b800000, 0x000000076f700000, 0x00000007c0000000)
  eden space 34816K, 100% used [0x000000076b800000,0x000000076da00000,0x000000076da00000)
  from space 4096K, 90% used [0x000000076da80000,0x000000076de20000,0x000000076de80000)
  to   space 14848K, 0% used [0x000000076e880000,0x000000076e880000,0x000000076f700000)
 ParOldGen       total 204800K, used 96694K [0x00000006c2800000, 0x00000006cf000000, 0x000000076b800000)
  object space 204800K, 47% used [0x00000006c2800000,0x00000006c866dbf0,0x00000006cf000000)
 Metaspace       used 20127K, capacity 20412K, committed 20608K, reserved 1067008K
  class space    used 2533K, capacity 2625K, committed 2688K, reserved 1048576K
Event: 241643.231 GC heap after
Heap after GC invocations=45 (full 1):
 PSYoungGen      total 46592K, used 4032K [0x000000076b800000, 0x000000076f480000, 0x00000007c0000000)
  eden space 34304K, 0% used [0x000000076b800000,0x000000076b800000,0x000000076d980000)
  from space 12288K, 32% used [0x000000076e880000,0x000000076ec70000,0x000000076f480000)
  to   space 13824K, 0% used [0x000000076d980000,0x000000076d980000,0x000000076e700000)
 ParOldGen       total 204800K, used 96694K [0x00000006c2800000, 0x00000006cf000000, 0x000000076b800000)
  object space 204800K, 47% used [0x00000006c2800000,0x00000006c866dbf0,0x00000006cf000000)
 Metaspace       used 20127K, capacity 20412K, committed 20608K, reserved 1067008K
  class space    used 2533K, capacity 2625K, committed 2688K, reserved 1048576K
}
Event: 242944.452 GC heap before
{Heap before GC invocations=46 (full 1):
 PSYoungGen      total 46592K, used 38336K [0x000000076b800000, 0x000000076f480000, 0x00000007c0000000)
  eden space 34304K, 100% used [0x000000076b800000,0x000000076d980000,0x000000076d980000)
  from space 12288K, 32% used [0x000000076e880000,0x000000076ec70000,0x000000076f480000)
  to   space 13824K, 0% used [0x000000076d980000,0x000000076d980000,0x000000076e700000)
 ParOldGen       total 204800K, used 96694K [0x00000006c2800000, 0x00000006cf000000, 0x000000076b800000)
  object space 204800K, 47% used [0x00000006c2800000,0x00000006c866dbf0,0x00000006cf000000)
 Metaspace       used 20127K, capacity 20412K, committed 20608K, reserved 1067008K
  class space    used 2533K, capacity 2625K, committed 2688K, reserved 1048576K
Event: 242944.466 GC heap after
Heap after GC invocations=46 (full 1):
 PSYoungGen      total 37888K, used 4032K [0x000000076b800000, 0x000000076f200000, 0x00000007c0000000)
  eden space 33792K, 0% used [0x000000076b800000,0x000000076b800000,0x000000076d900000)
  from space 4096K, 98% used [0x000000076d980000,0x000000076dd70000,0x000000076dd80000)
  to   space 12800K, 0% used [0x000000076e580000,0x000000076e580000,0x000000076f200000)
 ParOldGen       total 204800K, used 96694K [0x00000006c2800000, 0x00000006cf000000, 0x000000076b800000)
  object space 204800K, 47% used [0x00000006c2800000,0x00000006c866dbf0,0x00000006cf000000)
 Metaspace       used 20127K, capacity 20412K, committed 20608K, reserved 1067008K
  class space    used 2533K, capacity 2625K, committed 2688K, reserved 1048576K
}
Event: 244232.026 GC heap before
{Heap before GC invocations=47 (full 1):
 PSYoungGen      total 37888K, used 37824K [0x000000076b800000, 0x000000076f200000, 0x00000007c0000000)
  eden space 33792K, 100% used [0x000000076b800000,0x000000076d900000,0x000000076d900000)
  from space 4096K, 98% used [0x000000076d980000,0x000000076dd70000,0x000000076dd80000)
  to   space 12800K, 0% used [0x000000076e580000,0x000000076e580000,0x000000076f200000)
 ParOldGen       total 204800K, used 96694K [0x00000006c2800000, 0x00000006cf000000, 0x000000076b800000)
  object space 204800K, 47% used [0x00000006c2800000,0x00000006c866dbf0,0x00000006cf000000)
 Metaspace       used 20127K, capacity 20412K, committed 20608K, reserved 1067008K
  class space    used 2533K, capacity 2625K, committed 2688K, reserved 1048576K
Event: 244232.038 GC heap after
Heap after GC invocations=47 (full 1):
 PSYoungGen      total 44544K, used 3936K [0x000000076b800000, 0x000000076f080000, 0x00000007c0000000)
  eden space 33280K, 0% used [0x000000076b800000,0x000000076b800000,0x000000076d880000)
  from space 11264K, 34% used [0x000000076e580000,0x000000076e958000,0x000000076f080000)
  to   space 12288K, 0% used [0x000000076d880000,0x000000076d880000,0x000000076e480000)
 ParOldGen       total 204800K, used 96694K [0x00000006c2800000, 0x00000006cf000000, 0x000000076b800000)
  object space 204800K, 47% used [0x00000006c2800000,0x00000006c866dbf0,0x00000006cf000000)
 Metaspace       used 20127K, capacity 20412K, committed 20608K, reserved 1067008K
  class space    used 2533K, capacity 2625K, committed 2688K, reserved 1048576K
}
Event: 245416.017 GC heap before
{Heap before GC invocations=48 (full 1):
 PSYoungGen      total 44544K, used 37216K [0x000000076b800000, 0x000000076f080000, 0x00000007c0000000)
  eden space 33280K, 100% used [0x000000076b800000,0x000000076d880000,0x000000076d880000)
  from space 11264K, 34% used [0x000000076e580000,0x000000076e958000,0x000000076f080000)
  to   space 12288K, 0% used [0x000000076d880000,0x000000076d880000,0x000000076e480000)
 ParOldGen       total 204800K, used 96694K [0x00000006c2800000, 0x00000006cf000000, 0x000000076b800000)
  object space 204800K, 47% used [0x00000006c2800000,0x00000006c866dbf0,0x00000006cf000000)
 Metaspace       used 20166K, capacity 20412K, committed 20608K, reserved 1067008K
  class space    used 2533K, capacity 2625K, committed 2688K, reserved 1048576K
Event: 245416.032 GC heap after
Heap after GC invocations=48 (full 1):
 PSYoungGen      total 36864K, used 3936K [0x000000076b800000, 0x000000076ee00000, 0x00000007c0000000)
  eden space 32768K, 0% used [0x000000076b800000,0x000000076b800000,0x000000076d800000)
  from space 4096K, 96% used [0x000000076d880000,0x000000076dc58000,0x000000076dc80000)
  to   space 11264K, 0% used [0x000000076e300000,0x000000076e300000,0x000000076ee00000)
 ParOldGen       total 204800K, used 96702K [0x00000006c2800000, 0x00000006cf000000, 0x000000076b800000)
  object space 204800K, 47% used [0x00000006c2800000,0x00000006c866fbf0,0x00000006cf000000)
 Metaspace       used 20166K, capacity 20412K, committed 20608K, reserved 1067008K
  class space    used 2533K, capacity 2625K, committed 2688K, reserved 1048576K
}

