# JRE version: Java(TM) SE Runtime Environment (8.0_281-b09) (build 1.8.0_281-b09)
# Java VM: Java HotSpot(TM) 64-Bit Server VM (25.281-b09 mixed mode windows-amd64 compressed oops)
Heap:
 PSYoungGen      total 83968K, used 21921K [0x000000076b800000, 0x0000000773d80000, 0x00000007c0000000)
  eden space 31232K, 70% used [0x000000076b800000,0x000000076cd68558,0x000000076d680000)
  from space 52736K, 0% used [0x0000000770a00000,0x0000000770a00000,0x0000000773d80000)
  to   space 52736K, 0% used [0x000000076d680000,0x000000076d680000,0x0000000770a00000)
 ParOldGen       total 116736K, used 45040K [0x00000006c2800000, 0x00000006c9a00000, 0x000000076b800000)
  object space 116736K, 38% used [0x00000006c2800000,0x00000006c53fc038,0x00000006c9a00000)
 Metaspace       used 22976K, capacity 23252K, committed 23680K, reserved 1071104K
  class space    used 2797K, capacity 2883K, committed 2944K, reserved 1048576K
GC Heap History (10 events):
Event: 14593.084 GC heap before
{Heap before GC invocations=28 (full 1):
 PSYoungGen      total 83968K, used 57728K [0x000000076b800000, 0x0000000774180000, 0x00000007c0000000)
  eden space 31232K, 100% used [0x000000076b800000,0x000000076d680000,0x000000076d680000)
  from space 52736K, 50% used [0x0000000770e00000,0x00000007727e0050,0x0000000774180000)
  to   space 54784K, 0% used [0x000000076d680000,0x000000076d680000,0x0000000770c00000)
 ParOldGen       total 77312K, used 57245K [0x00000006c2800000, 0x00000006c7380000, 0x000000076b800000)
  object space 77312K, 74% used [0x00000006c2800000,0x00000006c5fe7508,0x00000006c7380000)
 Metaspace       used 22332K, capacity 22622K, committed 22912K, reserved 1069056K
  class space    used 2719K, capacity 2824K, committed 2944K, reserved 1048576K
Event: 14593.143 GC heap after
Heap after GC invocations=28 (full 1):
 PSYoungGen      total 59392K, used 28064K [0x000000076b800000, 0x0000000773d80000, 0x00000007c0000000)
  eden space 31232K, 0% used [0x000000076b800000,0x000000076b800000,0x000000076d680000)
  from space 28160K, 99% used [0x000000076d680000,0x000000076f1e8050,0x000000076f200000)
  to   space 52736K, 0% used [0x0000000770a00000,0x0000000770a00000,0x0000000773d80000)
 ParOldGen       total 77312K, used 60669K [0x00000006c2800000, 0x00000006c7380000, 0x000000076b800000)
  object space 77312K, 78% used [0x00000006c2800000,0x00000006c633f508,0x00000006c7380000)
 Metaspace       used 22332K, capacity 22622K, committed 22912K, reserved 1069056K
  class space    used 2719K, capacity 2824K, committed 2944K, reserved 1048576K
}
Event: 15095.452 GC heap before
{Heap before GC invocations=29 (full 1):
 PSYoungGen      total 59392K, used 59296K [0x000000076b800000, 0x0000000773d80000, 0x00000007c0000000)
  eden space 31232K, 100% used [0x000000076b800000,0x000000076d680000,0x000000076d680000)
  from space 28160K, 99% used [0x000000076d680000,0x000000076f1e8050,0x000000076f200000)
  to   space 52736K, 0% used [0x0000000770a00000,0x0000000770a00000,0x0000000773d80000)
 ParOldGen       total 77312K, used 60669K [0x00000006c2800000, 0x00000006c7380000, 0x000000076b800000)
  object space 77312K, 78% used [0x00000006c2800000,0x00000006c633f508,0x00000006c7380000)
 Metaspace       used 22354K, capacity 22622K, committed 22912K, reserved 1069056K
  class space    used 2719K, capacity 2824K, committed 2944K, reserved 1048576K
Event: 15095.498 GC heap after
Heap after GC invocations=29 (full 1):
 PSYoungGen      total 83968K, used 16439K [0x000000076b800000, 0x0000000773d80000, 0x00000007c0000000)
  eden space 31232K, 0% used [0x000000076b800000,0x000000076b800000,0x000000076d680000)
  from space 52736K, 31% used [0x0000000770a00000,0x0000000771a0de18,0x0000000773d80000)
  to   space 52736K, 0% used [0x000000076d680000,0x000000076d680000,0x0000000770a00000)
 ParOldGen       total 77312K, used 63781K [0x00000006c2800000, 0x00000006c7380000, 0x000000076b800000)
  object space 77312K, 82% used [0x00000006c2800000,0x00000006c6649508,0x00000006c7380000)
 Metaspace       used 22354K, capacity 22622K, committed 22912K, reserved 1069056K
  class space    used 2719K, capacity 2824K, committed 2944K, reserved 1048576K
}
Event: 15574.408 GC heap before
{Heap before GC invocations=30 (full 1):
 PSYoungGen      total 83968K, used 47671K [0x000000076b800000, 0x0000000773d80000, 0x00000007c0000000)
  eden space 31232K, 100% used [0x000000076b800000,0x000000076d680000,0x000000076d680000)
  from space 52736K, 31% used [0x0000000770a00000,0x0000000771a0de18,0x0000000773d80000)
  to   space 52736K, 0% used [0x000000076d680000,0x000000076d680000,0x0000000770a00000)
 ParOldGen       total 77312K, used 63781K [0x00000006c2800000, 0x00000006c7380000, 0x000000076b800000)
  object space 77312K, 82% used [0x00000006c2800000,0x00000006c6649508,0x00000006c7380000)
 Metaspace       used 22358K, capacity 22626K, committed 22912K, reserved 1069056K
  class space    used 2719K, capacity 2824K, committed 2944K, reserved 1048576K
Event: 15574.440 GC heap after
Heap after GC invocations=30 (full 1):
 PSYoungGen      total 83968K, used 15200K [0x000000076b800000, 0x0000000773d80000, 0x00000007c0000000)
  eden space 31232K, 0% used [0x000000076b800000,0x000000076b800000,0x000000076d680000)
  from space 52736K, 28% used [0x000000076d680000,0x000000076e558050,0x0000000770a00000)
  to   space 52736K, 0% used [0x0000000770a00000,0x0000000770a00000,0x0000000773d80000)
 ParOldGen       total 77312K, used 66677K [0x00000006c2800000, 0x00000006c7380000, 0x000000076b800000)
  object space 77312K, 86% used [0x00000006c2800000,0x00000006c691d508,0x00000006c7380000)
 Metaspace       used 22358K, capacity 22626K, committed 22912K, reserved 1069056K
  class space    used 2719K, capacity 2824K, committed 2944K, reserved 1048576K
}
Event: 15902.007 GC heap before
{Heap before GC invocations=31 (full 1):
 PSYoungGen      total 83968K, used 46432K [0x000000076b800000, 0x0000000773d80000, 0x00000007c0000000)
  eden space 31232K, 100% used [0x000000076b800000,0x000000076d680000,0x000000076d680000)
  from space 52736K, 28% used [0x000000076d680000,0x000000076e558050,0x0000000770a00000)
  to   space 52736K, 0% used [0x0000000770a00000,0x0000000770a00000,0x0000000773d80000)
 ParOldGen       total 77312K, used 66677K [0x00000006c2800000, 0x00000006c7380000, 0x000000076b800000)
  object space 77312K, 86% used [0x00000006c2800000,0x00000006c691d508,0x00000006c7380000)
 Metaspace       used 22392K, capacity 22690K, committed 23168K, reserved 1069056K
  class space    used 2719K, capacity 2824K, committed 2944K, reserved 1048576K
Event: 15902.031 GC heap after
Heap after GC invocations=31 (full 1):
 PSYoungGen      total 83968K, used 12087K [0x000000076b800000, 0x0000000773d80000, 0x00000007c0000000)
  eden space 31232K, 0% used [0x000000076b800000,0x000000076b800000,0x000000076d680000)
  from space 52736K, 22% used [0x0000000770a00000,0x00000007715cddc8,0x0000000773d80000)
  to   space 52736K, 0% used [0x000000076d680000,0x000000076d680000,0x0000000770a00000)
 ParOldGen       total 77312K, used 69389K [0x00000006c2800000, 0x00000006c7380000, 0x000000076b800000)
  object space 77312K, 89% used [0x00000006c2800000,0x00000006c6bc3508,0x00000006c7380000)
 Metaspace       used 22392K, capacity 22690K, committed 23168K, reserved 1069056K
  class space    used 2719K, capacity 2824K, committed 2944K, reserved 1048576K
}
Event: 15902.031 GC heap before
{Heap before GC invocations=32 (full 2):
 PSYoungGen      total 83968K, used 12087K [0x000000076b800000, 0x0000000773d80000, 0x00000007c0000000)
  eden space 31232K, 0% used [0x000000076b800000,0x000000076b800000,0x000000076d680000)
  from space 52736K, 22% used [0x0000000770a00000,0x00000007715cddc8,0x0000000773d80000)
  to   space 52736K, 0% used [0x000000076d680000,0x000000076d680000,0x0000000770a00000)
 ParOldGen       total 77312K, used 69389K [0x00000006c2800000, 0x00000006c7380000, 0x000000076b800000)
  object space 77312K, 89% used [0x00000006c2800000,0x00000006c6bc3508,0x00000006c7380000)
 Metaspace       used 22392K, capacity 22690K, committed 23168K, reserved 1069056K
  class space    used 2719K, capacity 2824K, committed 2944K, reserved 1048576K
Event: 15902.167 GC heap after
Heap after GC invocations=32 (full 2):
 PSYoungGen      total 83968K, used 0K [0x000000076b800000, 0x0000000773d80000, 0x00000007c0000000)
  eden space 31232K, 0% used [0x000000076b800000,0x000000076b800000,0x000000076d680000)
  from space 52736K, 0% used [0x0000000770a00000,0x0000000770a00000,0x0000000773d80000)
  to   space 52736K, 0% used [0x000000076d680000,0x000000076d680000,0x0000000770a00000)
 ParOldGen       total 116736K, used 45040K [0x00000006c2800000, 0x00000006c9a00000, 0x000000076b800000)
  object space 116736K, 38% used [0x00000006c2800000,0x00000006c53fc038,0x00000006c9a00000)
 Metaspace       used 22374K, capacity 22662K, committed 23168K, reserved 1069056K
  class space    used 2714K, capacity 2814K, committed 2944K, reserved 1048576K
}

