# JRE version: Java(TM) SE Runtime Environment (8.0_281-b09) (build 1.8.0_281-b09)
# Java VM: Java HotSpot(TM) 64-Bit Server VM (25.281-b09 mixed mode windows-amd64 compressed oops)
Heap:
 PSYoungGen      total 75776K, used 8468K [0x000000076b800000, 0x0000000770c80000, 0x00000007c0000000)
  eden space 65024K, 13% used [0x000000076b800000,0x000000076c045078,0x000000076f780000)
  from space 10752K, 0% used [0x000000076f780000,0x000000076f780000,0x0000000770200000)
  to   space 10752K, 0% used [0x0000000770200000,0x0000000770200000,0x0000000770c80000)
 ParOldGen       total 73728K, used 8442K [0x00000006c2800000, 0x00000006c7000000, 0x000000076b800000)
  object space 73728K, 11% used [0x00000006c2800000,0x00000006c303eaf8,0x00000006c7000000)
 Metaspace       used 20936K, capacity 21196K, committed 21632K, reserved 1069056K
  class space    used 2708K, capacity 2821K, committed 2944K, reserved 1048576K
GC Heap History (4 events):
Event: 65.042 GC heap before
{Heap before GC invocations=1 (full 0):
 PSYoungGen      total 75776K, used 57232K [0x000000076b800000, 0x0000000770c80000, 0x00000007c0000000)
  eden space 65024K, 88% used [0x000000076b800000,0x000000076efe4388,0x000000076f780000)
  from space 10752K, 0% used [0x0000000770200000,0x0000000770200000,0x0000000770c80000)
  to   space 10752K, 0% used [0x000000076f780000,0x000000076f780000,0x0000000770200000)
 ParOldGen       total 173568K, used 0K [0x00000006c2800000, 0x00000006cd180000, 0x000000076b800000)
  object space 173568K, 0% used [0x00000006c2800000,0x00000006c2800000,0x00000006cd180000)
 Metaspace       used 20822K, capacity 21030K, committed 21248K, reserved 1067008K
  class space    used 2693K, capacity 2788K, committed 2816K, reserved 1048576K
Event: 65.047 GC heap after
Heap after GC invocations=1 (full 0):
 PSYoungGen      total 75776K, used 10144K [0x000000076b800000, 0x0000000770c80000, 0x00000007c0000000)
  eden space 65024K, 0% used [0x000000076b800000,0x000000076b800000,0x000000076f780000)
  from space 10752K, 94% used [0x000000076f780000,0x0000000770168048,0x0000000770200000)
  to   space 10752K, 0% used [0x0000000770200000,0x0000000770200000,0x0000000770c80000)
 ParOldGen       total 173568K, used 24K [0x00000006c2800000, 0x00000006cd180000, 0x000000076b800000)
  object space 173568K, 0% used [0x00000006c2800000,0x00000006c2806000,0x00000006cd180000)
 Metaspace       used 20822K, capacity 21030K, committed 21248K, reserved 1067008K
  class space    used 2693K, capacity 2788K, committed 2816K, reserved 1048576K
}
Event: 65.047 GC heap before
{Heap before GC invocations=2 (full 1):
 PSYoungGen      total 75776K, used 10144K [0x000000076b800000, 0x0000000770c80000, 0x00000007c0000000)
  eden space 65024K, 0% used [0x000000076b800000,0x000000076b800000,0x000000076f780000)
  from space 10752K, 94% used [0x000000076f780000,0x0000000770168048,0x0000000770200000)
  to   space 10752K, 0% used [0x0000000770200000,0x0000000770200000,0x0000000770c80000)
 ParOldGen       total 173568K, used 24K [0x00000006c2800000, 0x00000006cd180000, 0x000000076b800000)
  object space 173568K, 0% used [0x00000006c2800000,0x00000006c2806000,0x00000006cd180000)
 Metaspace       used 20822K, capacity 21030K, committed 21248K, reserved 1067008K
  class space    used 2693K, capacity 2788K, committed 2816K, reserved 1048576K
Event: 65.064 GC heap after
Heap after GC invocations=2 (full 1):
 PSYoungGen      total 75776K, used 0K [0x000000076b800000, 0x0000000770c80000, 0x00000007c0000000)
  eden space 65024K, 0% used [0x000000076b800000,0x000000076b800000,0x000000076f780000)
  from space 10752K, 0% used [0x000000076f780000,0x000000076f780000,0x0000000770200000)
  to   space 10752K, 0% used [0x0000000770200000,0x0000000770200000,0x0000000770c80000)
 ParOldGen       total 73728K, used 8442K [0x00000006c2800000, 0x00000006c7000000, 0x000000076b800000)
  object space 73728K, 11% used [0x00000006c2800000,0x00000006c303eaf8,0x00000006c7000000)
 Metaspace       used 20822K, capacity 21030K, committed 21248K, reserved 1067008K
  class space    used 2693K, capacity 2788K, committed 2816K, reserved 1048576K
}

