# JRE version: Java(TM) SE Runtime Environment (8.0_281-b09) (build 1.8.0_281-b09)
# Java VM: Java HotSpot(TM) 64-Bit Server VM (25.281-b09 mixed mode windows-amd64 compressed oops)
Heap:
 PSYoungGen      total 71168K, used 20343K [0x000000076b800000, 0x0000000770c80000, 0x00000007c0000000)
  eden space 57856K, 27% used [0x000000076b800000,0x000000076c795e30,0x000000076f080000)
  from space 13312K, 32% used [0x000000076ff80000,0x00000007703c8000,0x0000000770c80000)
  to   space 14336K, 0% used [0x000000076f080000,0x000000076f080000,0x000000076fe80000)
 ParOldGen       total 173568K, used 7143K [0x00000006c2800000, 0x00000006cd180000, 0x000000076b800000)
  object space 173568K, 4% used [0x00000006c2800000,0x00000006c2ef9c68,0x00000006cd180000)
 Metaspace       used 20347K, capacity 20574K, committed 20864K, reserved 1067008K
  class space    used 2563K, capacity 2658K, committed 2688K, reserved 1048576K
GC Heap History (10 events):
Event: 70.457 GC heap before
{Heap before GC invocations=6 (full 0):
 PSYoungGen      total 74240K, used 74224K [0x000000076b800000, 0x0000000770d00000, 0x00000007c0000000)
  eden space 63488K, 100% used [0x000000076b800000,0x000000076f600000,0x000000076f600000)
  from space 10752K, 99% used [0x000000076f780000,0x00000007701fc0a0,0x0000000770200000)
  to   space 11264K, 0% used [0x0000000770200000,0x0000000770200000,0x0000000770d00000)
 ParOldGen       total 173568K, used 768K [0x00000006c2800000, 0x00000006cd180000, 0x000000076b800000)
  object space 173568K, 0% used [0x00000006c2800000,0x00000006c28c0000,0x00000006cd180000)
 Metaspace       used 20028K, capacity 20280K, committed 20608K, reserved 1067008K
  class space    used 2533K, capacity 2625K, committed 2688K, reserved 1048576K
Event: 70.468 GC heap after
Heap after GC invocations=6 (full 0):
 PSYoungGen      total 73216K, used 11184K [0x000000076b800000, 0x0000000770d00000, 0x00000007c0000000)
  eden space 61952K, 0% used [0x000000076b800000,0x000000076b800000,0x000000076f480000)
  from space 11264K, 99% used [0x0000000770200000,0x0000000770cec090,0x0000000770d00000)
  to   space 11776K, 0% used [0x000000076f600000,0x000000076f600000,0x0000000770180000)
 ParOldGen       total 173568K, used 776K [0x00000006c2800000, 0x00000006cd180000, 0x000000076b800000)
  object space 173568K, 0% used [0x00000006c2800000,0x00000006c28c2000,0x00000006cd180000)
 Metaspace       used 20028K, capacity 20280K, committed 20608K, reserved 1067008K
  class space    used 2533K, capacity 2625K, committed 2688K, reserved 1048576K
}
Event: 72.181 GC heap before
{Heap before GC invocations=7 (full 0):
 PSYoungGen      total 73216K, used 73136K [0x000000076b800000, 0x0000000770d00000, 0x00000007c0000000)
  eden space 61952K, 100% used [0x000000076b800000,0x000000076f480000,0x000000076f480000)
  from space 11264K, 99% used [0x0000000770200000,0x0000000770cec090,0x0000000770d00000)
  to   space 11776K, 0% used [0x000000076f600000,0x000000076f600000,0x0000000770180000)
 ParOldGen       total 173568K, used 776K [0x00000006c2800000, 0x00000006cd180000, 0x000000076b800000)
  object space 173568K, 0% used [0x00000006c2800000,0x00000006c28c2000,0x00000006cd180000)
 Metaspace       used 20028K, capacity 20280K, committed 20608K, reserved 1067008K
  class space    used 2533K, capacity 2625K, committed 2688K, reserved 1048576K
Event: 72.189 GC heap after
Heap after GC invocations=7 (full 0):
 PSYoungGen      total 66048K, used 4672K [0x000000076b800000, 0x0000000770d80000, 0x00000007c0000000)
  eden space 60928K, 0% used [0x000000076b800000,0x000000076b800000,0x000000076f380000)
  from space 5120K, 91% used [0x000000076f600000,0x000000076fa90000,0x000000076fb00000)
  to   space 13312K, 0% used [0x0000000770080000,0x0000000770080000,0x0000000770d80000)
 ParOldGen       total 173568K, used 6911K [0x00000006c2800000, 0x00000006cd180000, 0x000000076b800000)
  object space 173568K, 3% used [0x00000006c2800000,0x00000006c2ebfc68,0x00000006cd180000)
 Metaspace       used 20028K, capacity 20280K, committed 20608K, reserved 1067008K
  class space    used 2533K, capacity 2625K, committed 2688K, reserved 1048576K
}
Event: 73.847 GC heap before
{Heap before GC invocations=8 (full 0):
 PSYoungGen      total 66048K, used 65600K [0x000000076b800000, 0x0000000770d80000, 0x00000007c0000000)
  eden space 60928K, 100% used [0x000000076b800000,0x000000076f380000,0x000000076f380000)
  from space 5120K, 91% used [0x000000076f600000,0x000000076fa90000,0x000000076fb00000)
  to   space 13312K, 0% used [0x0000000770080000,0x0000000770080000,0x0000000770d80000)
 ParOldGen       total 173568K, used 6911K [0x00000006c2800000, 0x00000006cd180000, 0x000000076b800000)
  object space 173568K, 3% used [0x00000006c2800000,0x00000006c2ebfc68,0x00000006cd180000)
 Metaspace       used 20028K, capacity 20280K, committed 20608K, reserved 1067008K
  class space    used 2533K, capacity 2625K, committed 2688K, reserved 1048576K
Event: 73.853 GC heap after
Heap after GC invocations=8 (full 0):
 PSYoungGen      total 73216K, used 4512K [0x000000076b800000, 0x0000000770d80000, 0x00000007c0000000)
  eden space 59904K, 0% used [0x000000076b800000,0x000000076b800000,0x000000076f280000)
  from space 13312K, 33% used [0x0000000770080000,0x00000007704e8000,0x0000000770d80000)
  to   space 13824K, 0% used [0x000000076f280000,0x000000076f280000,0x0000000770000000)
 ParOldGen       total 173568K, used 7055K [0x00000006c2800000, 0x00000006cd180000, 0x000000076b800000)
  object space 173568K, 4% used [0x00000006c2800000,0x00000006c2ee3c68,0x00000006cd180000)
 Metaspace       used 20028K, capacity 20280K, committed 20608K, reserved 1067008K
  class space    used 2533K, capacity 2625K, committed 2688K, reserved 1048576K
}
Event: 75.534 GC heap before
{Heap before GC invocations=9 (full 0):
 PSYoungGen      total 73216K, used 64416K [0x000000076b800000, 0x0000000770d80000, 0x00000007c0000000)
  eden space 59904K, 100% used [0x000000076b800000,0x000000076f280000,0x000000076f280000)
  from space 13312K, 33% used [0x0000000770080000,0x00000007704e8000,0x0000000770d80000)
  to   space 13824K, 0% used [0x000000076f280000,0x000000076f280000,0x0000000770000000)
 ParOldGen       total 173568K, used 7055K [0x00000006c2800000, 0x00000006cd180000, 0x000000076b800000)
  object space 173568K, 4% used [0x00000006c2800000,0x00000006c2ee3c68,0x00000006cd180000)
 Metaspace       used 20029K, capacity 20280K, committed 20608K, reserved 1067008K
  class space    used 2533K, capacity 2625K, committed 2688K, reserved 1048576K
Event: 75.544 GC heap after
Heap after GC invocations=9 (full 0):
 PSYoungGen      total 63488K, used 4416K [0x000000076b800000, 0x0000000770d80000, 0x00000007c0000000)
  eden space 58880K, 0% used [0x000000076b800000,0x000000076b800000,0x000000076f180000)
  from space 4608K, 95% used [0x000000076f280000,0x000000076f6d0000,0x000000076f700000)
  to   space 14336K, 0% used [0x000000076ff80000,0x000000076ff80000,0x0000000770d80000)
 ParOldGen       total 173568K, used 7119K [0x00000006c2800000, 0x00000006cd180000, 0x000000076b800000)
  object space 173568K, 4% used [0x00000006c2800000,0x00000006c2ef3c68,0x00000006cd180000)
 Metaspace       used 20029K, capacity 20280K, committed 20608K, reserved 1067008K
  class space    used 2533K, capacity 2625K, committed 2688K, reserved 1048576K
}
Event: 77.171 GC heap before
{Heap before GC invocations=10 (full 0):
 PSYoungGen      total 63488K, used 63296K [0x000000076b800000, 0x0000000770d80000, 0x00000007c0000000)
  eden space 58880K, 100% used [0x000000076b800000,0x000000076f180000,0x000000076f180000)
  from space 4608K, 95% used [0x000000076f280000,0x000000076f6d0000,0x000000076f700000)
  to   space 14336K, 0% used [0x000000076ff80000,0x000000076ff80000,0x0000000770d80000)
 ParOldGen       total 173568K, used 7119K [0x00000006c2800000, 0x00000006cd180000, 0x000000076b800000)
  object space 173568K, 4% used [0x00000006c2800000,0x00000006c2ef3c68,0x00000006cd180000)
 Metaspace       used 20031K, capacity 20280K, committed 20608K, reserved 1067008K
  class space    used 2533K, capacity 2625K, committed 2688K, reserved 1048576K
Event: 77.182 GC heap after
Heap after GC invocations=10 (full 0):
 PSYoungGen      total 71168K, used 4384K [0x000000076b800000, 0x0000000770c80000, 0x00000007c0000000)
  eden space 57856K, 0% used [0x000000076b800000,0x000000076b800000,0x000000076f080000)
  from space 13312K, 32% used [0x000000076ff80000,0x00000007703c8000,0x0000000770c80000)
  to   space 14336K, 0% used [0x000000076f080000,0x000000076f080000,0x000000076fe80000)
 ParOldGen       total 173568K, used 7143K [0x00000006c2800000, 0x00000006cd180000, 0x000000076b800000)
  object space 173568K, 4% used [0x00000006c2800000,0x00000006c2ef9c68,0x00000006cd180000)
 Metaspace       used 20031K, capacity 20280K, committed 20608K, reserved 1067008K
  class space    used 2533K, capacity 2625K, committed 2688K, reserved 1048576K
}

