# JRE version: Java(TM) SE Runtime Environment (8.0_281-b09) (build 1.8.0_281-b09)
# Java VM: Java HotSpot(TM) 64-Bit Server VM (25.281-b09 mixed mode windows-amd64 compressed oops)
Heap:
 PSYoungGen      total 65536K, used 13573K [0x000000076b800000, 0x0000000770b80000, 0x00000007c0000000)
  eden space 60928K, 15% used [0x000000076b800000,0x000000076c101788,0x000000076f380000)
  from space 4608K, 94% used [0x000000076f500000,0x000000076f940000,0x000000076f980000)
  to   space 12288K, 0% used [0x000000076ff80000,0x000000076ff80000,0x0000000770b80000)
 ParOldGen       total 173568K, used 7990K [0x00000006c2800000, 0x00000006cd180000, 0x000000076b800000)
  object space 173568K, 4% used [0x00000006c2800000,0x00000006c2fcd9a0,0x00000006cd180000)
 Metaspace       used 20307K, capacity 20574K, committed 20864K, reserved 1067008K
  class space    used 2561K, capacity 2658K, committed 2688K, reserved 1048576K
GC Heap History (10 events):
Event: 17.923 GC heap before
{Heap before GC invocations=3 (full 0):
 PSYoungGen      total 75776K, used 75200K [0x000000076b800000, 0x0000000770c80000, 0x00000007c0000000)
  eden space 65024K, 100% used [0x000000076b800000,0x000000076f780000,0x000000076f780000)
  from space 10752K, 94% used [0x0000000770200000,0x0000000770bf0090,0x0000000770c80000)
  to   space 10752K, 0% used [0x000000076f780000,0x000000076f780000,0x0000000770200000)
 ParOldGen       total 173568K, used 32K [0x00000006c2800000, 0x00000006cd180000, 0x000000076b800000)
  object space 173568K, 0% used [0x00000006c2800000,0x00000006c2808000,0x00000006cd180000)
 Metaspace       used 19970K, capacity 20216K, committed 20608K, reserved 1067008K
  class space    used 2532K, capacity 2625K, committed 2688K, reserved 1048576K
Event: 17.933 GC heap after
Heap after GC invocations=3 (full 0):
 PSYoungGen      total 75776K, used 10496K [0x000000076b800000, 0x0000000770c80000, 0x00000007c0000000)
  eden space 65024K, 0% used [0x000000076b800000,0x000000076b800000,0x000000076f780000)
  from space 10752K, 97% used [0x000000076f780000,0x00000007701c0090,0x0000000770200000)
  to   space 10752K, 0% used [0x0000000770200000,0x0000000770200000,0x0000000770c80000)
 ParOldGen       total 173568K, used 40K [0x00000006c2800000, 0x00000006cd180000, 0x000000076b800000)
  object space 173568K, 0% used [0x00000006c2800000,0x00000006c280a000,0x00000006cd180000)
 Metaspace       used 19970K, capacity 20216K, committed 20608K, reserved 1067008K
  class space    used 2532K, capacity 2625K, committed 2688K, reserved 1048576K
}
Event: 19.512 GC heap before
{Heap before GC invocations=4 (full 0):
 PSYoungGen      total 75776K, used 75520K [0x000000076b800000, 0x0000000770c80000, 0x00000007c0000000)
  eden space 65024K, 100% used [0x000000076b800000,0x000000076f780000,0x000000076f780000)
  from space 10752K, 97% used [0x000000076f780000,0x00000007701c0090,0x0000000770200000)
  to   space 10752K, 0% used [0x0000000770200000,0x0000000770200000,0x0000000770c80000)
 ParOldGen       total 173568K, used 40K [0x00000006c2800000, 0x00000006cd180000, 0x000000076b800000)
  object space 173568K, 0% used [0x00000006c2800000,0x00000006c280a000,0x00000006cd180000)
 Metaspace       used 19979K, capacity 20216K, committed 20608K, reserved 1067008K
  class space    used 2532K, capacity 2625K, committed 2688K, reserved 1048576K
Event: 19.523 GC heap after
Heap after GC invocations=4 (full 0):
 PSYoungGen      total 75776K, used 10384K [0x000000076b800000, 0x0000000770c80000, 0x00000007c0000000)
  eden space 65024K, 0% used [0x000000076b800000,0x000000076b800000,0x000000076f780000)
  from space 10752K, 96% used [0x0000000770200000,0x0000000770c24080,0x0000000770c80000)
  to   space 10752K, 0% used [0x000000076f780000,0x000000076f780000,0x0000000770200000)
 ParOldGen       total 173568K, used 48K [0x00000006c2800000, 0x00000006cd180000, 0x000000076b800000)
  object space 173568K, 0% used [0x00000006c2800000,0x00000006c280c000,0x00000006cd180000)
 Metaspace       used 19979K, capacity 20216K, committed 20608K, reserved 1067008K
  class space    used 2532K, capacity 2625K, committed 2688K, reserved 1048576K
}
Event: 21.124 GC heap before
{Heap before GC invocations=5 (full 0):
 PSYoungGen      total 75776K, used 75408K [0x000000076b800000, 0x0000000770c80000, 0x00000007c0000000)
  eden space 65024K, 100% used [0x000000076b800000,0x000000076f780000,0x000000076f780000)
  from space 10752K, 96% used [0x0000000770200000,0x0000000770c24080,0x0000000770c80000)
  to   space 10752K, 0% used [0x000000076f780000,0x000000076f780000,0x0000000770200000)
 ParOldGen       total 173568K, used 48K [0x00000006c2800000, 0x00000006cd180000, 0x000000076b800000)
  object space 173568K, 0% used [0x00000006c2800000,0x00000006c280c000,0x00000006cd180000)
 Metaspace       used 19982K, capacity 20216K, committed 20608K, reserved 1067008K
  class space    used 2532K, capacity 2625K, committed 2688K, reserved 1048576K
Event: 21.136 GC heap after
Heap after GC invocations=5 (full 0):
 PSYoungGen      total 74240K, used 10432K [0x000000076b800000, 0x0000000770b00000, 0x00000007c0000000)
  eden space 63488K, 0% used [0x000000076b800000,0x000000076b800000,0x000000076f600000)
  from space 10752K, 97% used [0x000000076f780000,0x00000007701b00b0,0x0000000770200000)
  to   space 9216K, 0% used [0x0000000770200000,0x0000000770200000,0x0000000770b00000)
 ParOldGen       total 173568K, used 56K [0x00000006c2800000, 0x00000006cd180000, 0x000000076b800000)
  object space 173568K, 0% used [0x00000006c2800000,0x00000006c280e000,0x00000006cd180000)
 Metaspace       used 19982K, capacity 20216K, committed 20608K, reserved 1067008K
  class space    used 2532K, capacity 2625K, committed 2688K, reserved 1048576K
}
Event: 22.709 GC heap before
{Heap before GC invocations=6 (full 0):
 PSYoungGen      total 74240K, used 73920K [0x000000076b800000, 0x0000000770b00000, 0x00000007c0000000)
  eden space 63488K, 100% used [0x000000076b800000,0x000000076f600000,0x000000076f600000)
  from space 10752K, 97% used [0x000000076f780000,0x00000007701b00b0,0x0000000770200000)
  to   space 9216K, 0% used [0x0000000770200000,0x0000000770200000,0x0000000770b00000)
 ParOldGen       total 173568K, used 56K [0x00000006c2800000, 0x00000006cd180000, 0x000000076b800000)
  object space 173568K, 0% used [0x00000006c2800000,0x00000006c280e000,0x00000006cd180000)
 Metaspace       used 19986K, capacity 20216K, committed 20608K, reserved 1067008K
  class space    used 2532K, capacity 2625K, committed 2688K, reserved 1048576K
Event: 22.720 GC heap after
Heap after GC invocations=6 (full 0):
 PSYoungGen      total 71168K, used 9184K [0x000000076b800000, 0x0000000770b00000, 0x00000007c0000000)
  eden space 61952K, 0% used [0x000000076b800000,0x000000076b800000,0x000000076f480000)
  from space 9216K, 99% used [0x0000000770200000,0x0000000770af80b0,0x0000000770b00000)
  to   space 11264K, 0% used [0x000000076f500000,0x000000076f500000,0x0000000770000000)
 ParOldGen       total 173568K, used 1976K [0x00000006c2800000, 0x00000006cd180000, 0x000000076b800000)
  object space 173568K, 1% used [0x00000006c2800000,0x00000006c29ee000,0x00000006cd180000)
 Metaspace       used 19986K, capacity 20216K, committed 20608K, reserved 1067008K
  class space    used 2532K, capacity 2625K, committed 2688K, reserved 1048576K
}
Event: 24.220 GC heap before
{Heap before GC invocations=7 (full 0):
 PSYoungGen      total 71168K, used 71136K [0x000000076b800000, 0x0000000770b00000, 0x00000007c0000000)
  eden space 61952K, 100% used [0x000000076b800000,0x000000076f480000,0x000000076f480000)
  from space 9216K, 99% used [0x0000000770200000,0x0000000770af80b0,0x0000000770b00000)
  to   space 11264K, 0% used [0x000000076f500000,0x000000076f500000,0x0000000770000000)
 ParOldGen       total 173568K, used 1976K [0x00000006c2800000, 0x00000006cd180000, 0x000000076b800000)
  object space 173568K, 1% used [0x00000006c2800000,0x00000006c29ee000,0x00000006cd180000)
 Metaspace       used 19988K, capacity 20216K, committed 20608K, reserved 1067008K
  class space    used 2532K, capacity 2625K, committed 2688K, reserved 1048576K
Event: 24.229 GC heap after
Heap after GC invocations=7 (full 0):
 PSYoungGen      total 65536K, used 4352K [0x000000076b800000, 0x0000000770b80000, 0x00000007c0000000)
  eden space 60928K, 0% used [0x000000076b800000,0x000000076b800000,0x000000076f380000)
  from space 4608K, 94% used [0x000000076f500000,0x000000076f940000,0x000000076f980000)
  to   space 12288K, 0% used [0x000000076ff80000,0x000000076ff80000,0x0000000770b80000)
 ParOldGen       total 173568K, used 7990K [0x00000006c2800000, 0x00000006cd180000, 0x000000076b800000)
  object space 173568K, 4% used [0x00000006c2800000,0x00000006c2fcd9a0,0x00000006cd180000)
 Metaspace       used 19988K, capacity 20216K, committed 20608K, reserved 1067008K
  class space    used 2532K, capacity 2625K, committed 2688K, reserved 1048576K
}

