# JRE version: Java(TM) SE Runtime Environment (8.0_281-b09) (build 1.8.0_281-b09)
# Java VM: Java HotSpot(TM) 64-Bit Server VM (25.281-b09 mixed mode windows-amd64 compressed oops)
Heap:
 PSYoungGen      total 75776K, used 5096K [0x000000076b800000, 0x0000000770c80000, 0x00000007c0000000)
  eden space 65024K, 7% used [0x000000076b800000,0x000000076bcfa240,0x000000076f780000)
  from space 10752K, 0% used [0x0000000770200000,0x0000000770200000,0x0000000770c80000)
  to   space 10752K, 0% used [0x000000076f780000,0x000000076f780000,0x0000000770200000)
 ParOldGen       total 82432K, used 12906K [0x00000006c2800000, 0x00000006c7880000, 0x000000076b800000)
  object space 82432K, 15% used [0x00000006c2800000,0x00000006c349a980,0x00000006c7880000)
 Metaspace       used 21127K, capacity 21380K, committed 21888K, reserved 1069056K
  class space    used 2708K, capacity 2821K, committed 2944K, reserved 1048576K
GC Heap History (6 events):
Event: 154.660 GC heap before
{Heap before GC invocations=1 (full 0):
 PSYoungGen      total 75776K, used 65024K [0x000000076b800000, 0x0000000770c80000, 0x00000007c0000000)
  eden space 65024K, 100% used [0x000000076b800000,0x000000076f780000,0x000000076f780000)
  from space 10752K, 0% used [0x0000000770200000,0x0000000770200000,0x0000000770c80000)
  to   space 10752K, 0% used [0x000000076f780000,0x000000076f780000,0x0000000770200000)
 ParOldGen       total 173568K, used 0K [0x00000006c2800000, 0x00000006cd180000, 0x000000076b800000)
  object space 173568K, 0% used [0x00000006c2800000,0x00000006c2800000,0x00000006cd180000)
 Metaspace       used 19965K, capacity 20216K, committed 20608K, reserved 1067008K
  class space    used 2530K, capacity 2625K, committed 2688K, reserved 1048576K
Event: 154.671 GC heap after
Heap after GC invocations=1 (full 0):
 PSYoungGen      total 75776K, used 10741K [0x000000076b800000, 0x0000000770c80000, 0x00000007c0000000)
  eden space 65024K, 0% used [0x000000076b800000,0x000000076b800000,0x000000076f780000)
  from space 10752K, 99% used [0x000000076f780000,0x00000007701fd788,0x0000000770200000)
  to   space 10752K, 0% used [0x0000000770200000,0x0000000770200000,0x0000000770c80000)
 ParOldGen       total 173568K, used 1051K [0x00000006c2800000, 0x00000006cd180000, 0x000000076b800000)
  object space 173568K, 0% used [0x00000006c2800000,0x00000006c2906df8,0x00000006cd180000)
 Metaspace       used 19965K, capacity 20216K, committed 20608K, reserved 1067008K
  class space    used 2530K, capacity 2625K, committed 2688K, reserved 1048576K
}
Event: 266.740 GC heap before
{Heap before GC invocations=2 (full 0):
 PSYoungGen      total 75776K, used 43643K [0x000000076b800000, 0x0000000770c80000, 0x00000007c0000000)
  eden space 65024K, 50% used [0x000000076b800000,0x000000076d821510,0x000000076f780000)
  from space 10752K, 99% used [0x000000076f780000,0x00000007701fd788,0x0000000770200000)
  to   space 10752K, 0% used [0x0000000770200000,0x0000000770200000,0x0000000770c80000)
 ParOldGen       total 173568K, used 1051K [0x00000006c2800000, 0x00000006cd180000, 0x000000076b800000)
  object space 173568K, 0% used [0x00000006c2800000,0x00000006c2906df8,0x00000006cd180000)
 Metaspace       used 20817K, capacity 21022K, committed 21248K, reserved 1067008K
  class space    used 2675K, capacity 2788K, committed 2816K, reserved 1048576K
Event: 266.757 GC heap after
Heap after GC invocations=2 (full 0):
 PSYoungGen      total 75776K, used 10736K [0x000000076b800000, 0x0000000770c80000, 0x00000007c0000000)
  eden space 65024K, 0% used [0x000000076b800000,0x000000076b800000,0x000000076f780000)
  from space 10752K, 99% used [0x0000000770200000,0x0000000770c7c1c0,0x0000000770c80000)
  to   space 10752K, 0% used [0x000000076f780000,0x000000076f780000,0x0000000770200000)
 ParOldGen       total 173568K, used 4459K [0x00000006c2800000, 0x00000006cd180000, 0x000000076b800000)
  object space 173568K, 2% used [0x00000006c2800000,0x00000006c2c5adf8,0x00000006cd180000)
 Metaspace       used 20817K, capacity 21022K, committed 21248K, reserved 1067008K
  class space    used 2675K, capacity 2788K, committed 2816K, reserved 1048576K
}
Event: 266.757 GC heap before
{Heap before GC invocations=3 (full 1):
 PSYoungGen      total 75776K, used 10736K [0x000000076b800000, 0x0000000770c80000, 0x00000007c0000000)
  eden space 65024K, 0% used [0x000000076b800000,0x000000076b800000,0x000000076f780000)
  from space 10752K, 99% used [0x0000000770200000,0x0000000770c7c1c0,0x0000000770c80000)
  to   space 10752K, 0% used [0x000000076f780000,0x000000076f780000,0x0000000770200000)
 ParOldGen       total 173568K, used 4459K [0x00000006c2800000, 0x00000006cd180000, 0x000000076b800000)
  object space 173568K, 2% used [0x00000006c2800000,0x00000006c2c5adf8,0x00000006cd180000)
 Metaspace       used 20817K, capacity 21022K, committed 21248K, reserved 1067008K
  class space    used 2675K, capacity 2788K, committed 2816K, reserved 1048576K
Event: 266.797 GC heap after
Heap after GC invocations=3 (full 1):
 PSYoungGen      total 75776K, used 0K [0x000000076b800000, 0x0000000770c80000, 0x00000007c0000000)
  eden space 65024K, 0% used [0x000000076b800000,0x000000076b800000,0x000000076f780000)
  from space 10752K, 0% used [0x0000000770200000,0x0000000770200000,0x0000000770c80000)
  to   space 10752K, 0% used [0x000000076f780000,0x000000076f780000,0x0000000770200000)
 ParOldGen       total 82432K, used 12906K [0x00000006c2800000, 0x00000006c7880000, 0x000000076b800000)
  object space 82432K, 15% used [0x00000006c2800000,0x00000006c349a980,0x00000006c7880000)
 Metaspace       used 20817K, capacity 21022K, committed 21248K, reserved 1067008K
  class space    used 2675K, capacity 2788K, committed 2816K, reserved 1048576K
}

